#
# There is insufficient memory for the Java Runtime Environment to continue.
# Native memory allocation (malloc) failed to allocate 1541616 bytes for Chunk::new
# Possible reasons:
#   The system is out of physical RAM or swap space
#   The process is running with CompressedOops enabled, and the Java Heap may be blocking the growth of the native heap
# Possible solutions:
#   Reduce memory load on the system
#   Increase physical memory or swap space
#   Check if swap backing store is full
#   Decrease Java heap size (-Xmx/-Xms)
#   Decrease number of Java threads
#   Decrease Java thread stack sizes (-Xss)
#   Set larger code cache with -XX:ReservedCodeCacheSize=
#   JVM is running with Unscaled Compressed Oops mode in which the Java heap is
#     placed in the first 4GB address space. The Java Heap base address is the
#     maximum limit for the native heap growth. Please use -XX:HeapBaseMinAddress
#     to set the Java Heap base and to place the Java Heap above 4GB virtual address.
# This output file may be truncated or incomplete.
#
#  Out of Memory Error (./src/hotspot/share/memory/arena.cpp:197), pid=18828, tid=15076
#
# JRE version: OpenJDK Runtime Environment (11.0.10) (build 11.0.10+0-b96-7249189)
# Java VM: OpenJDK 64-Bit Server VM (11.0.10+0-b96-7249189, mixed mode, tiered, compressed oops, g1 gc, windows-amd64)
# No core dump will be written. Minidumps are not enabled by default on client versions of Windows
#

---------------  S U M M A R Y ------------

Command Line: --add-opens=java.base/java.util=ALL-UNNAMED --add-opens=java.base/java.lang=ALL-UNNAMED --add-opens=java.base/java.lang.invoke=ALL-UNNAMED --add-opens=java.base/java.util=ALL-UNNAMED --add-opens=java.prefs/java.util.prefs=ALL-UNNAMED --add-opens=java.prefs/java.util.prefs=ALL-UNNAMED --add-opens=java.base/java.nio.charset=ALL-UNNAMED --add-opens=java.base/java.net=ALL-UNNAMED --add-opens=java.base/java.util.concurrent.atomic=ALL-UNNAMED -Xmx2048m -Dfile.encoding=UTF-8 -Duser.country=US -Duser.language=en -Duser.variant org.gradle.launcher.daemon.bootstrap.GradleDaemon 7.0.2

Host: Intel(R) Core(TM) i7-8565U CPU @ 1.80GHz, 8 cores, 7G,  Windows 10 , 64 bit Build 19041 (10.0.19041.1348)
Time: Wed Dec  8 16:22:09 2021 SE Asia Standard Time elapsed time: 422.534900 seconds (0d 0h 7m 2s)

---------------  T H R E A D  ---------------

Current thread (0x00000253d7ed0000):  JavaThread "C2 CompilerThread2" daemon [_thread_in_native, id=15076, stack(0x0000006abdc00000,0x0000006abdd00000)]


Current CompileTask:
C2: 422535 25467       4       org.gradle.api.internal.artifacts.ivyservice.modulecache.ModuleMetadataSerializer$Reader::readMavenDependency (142 bytes)

Stack: [0x0000006abdc00000,0x0000006abdd00000]
Native frames: (J=compiled Java code, j=interpreted, Vv=VM code, C=native code)
V  [jvm.dll+0x5ecfaa]
V  [jvm.dll+0x722bd5]
V  [jvm.dll+0x72412d]
V  [jvm.dll+0x7247e3]
V  [jvm.dll+0x242928]
V  [jvm.dll+0xbc4fc]
V  [jvm.dll+0xbca0c]
V  [jvm.dll+0x352d3b]
V  [jvm.dll+0x320ad3]
V  [jvm.dll+0x31ffca]
V  [jvm.dll+0x1fb602]
V  [jvm.dll+0x1fa7f4]
V  [jvm.dll+0x18354c]
V  [jvm.dll+0x208ee7]
V  [jvm.dll+0x207731]
V  [jvm.dll+0x6eb1cf]
V  [jvm.dll+0x6e3d45]
V  [jvm.dll+0x5ebe96]
C  [ucrtbase.dll+0x21bb2]
C  [KERNEL32.DLL+0x17034]
C  [ntdll.dll+0x52651]


---------------  P R O C E S S  ---------------

Threads class SMR info:
_java_thread_list=0x00000253d4a0a850, length=60, elements={
0x00000253b440f800, 0x00000253ce870800, 0x00000253ce874800, 0x00000253ce889800,
0x00000253ce88a800, 0x00000253ce88d000, 0x00000253ce895000, 0x00000253ce898800,
0x00000253ce8a5000, 0x00000253cf356800, 0x00000253d0ae2800, 0x00000253cf5ae800,
0x00000253cf4eb000, 0x00000253d1ecb000, 0x00000253d1eca800, 0x00000253d1ec5800,
0x00000253d1ecc000, 0x00000253d1ec6800, 0x00000253d4e9d800, 0x00000253d4e9d000,
0x00000253d4e9c000, 0x00000253d4e98000, 0x00000253d4e9f800, 0x00000253d5ced000,
0x00000253d5ceb800, 0x00000253d5cee000, 0x00000253d5cef000, 0x00000253d5cec800,
0x00000253d5ce9000, 0x00000253d5cf1800, 0x00000253d4de6800, 0x00000253d4def800,
0x00000253d4ded000, 0x00000253d4de5000, 0x00000253d4de9000, 0x00000253d1ec8000,
0x00000253d1ec9800, 0x00000253d5cf4000, 0x00000253d7ed1800, 0x00000253d4e99800,
0x00000253d4ea4000, 0x00000253d4ea2800, 0x00000253d4ea5000, 0x00000253d4ea6000,
0x00000253d4ea3800, 0x00000253d4ea0000, 0x00000253d4ea1000, 0x00000253d7ed5000,
0x00000253d7ed0800, 0x00000253d7ed2800, 0x00000253d7ed3000, 0x00000253d7ed0000,
0x00000253d7ecf000, 0x00000253d7eda800, 0x00000253d7ed7800, 0x00000253d7edb800,
0x00000253d7ed8000, 0x00000253d7ed9000, 0x00000253d7ed5800, 0x00000253d7edc000
}

Java Threads: ( => current thread )
  0x00000253b440f800 JavaThread "main" [_thread_blocked, id=11492, stack(0x0000006aba900000,0x0000006abaa00000)]
  0x00000253ce870800 JavaThread "Reference Handler" daemon [_thread_blocked, id=18676, stack(0x0000006abb000000,0x0000006abb100000)]
  0x00000253ce874800 JavaThread "Finalizer" daemon [_thread_blocked, id=3280, stack(0x0000006abb100000,0x0000006abb200000)]
  0x00000253ce889800 JavaThread "Signal Dispatcher" daemon [_thread_blocked, id=10212, stack(0x0000006abb200000,0x0000006abb300000)]
  0x00000253ce88a800 JavaThread "Attach Listener" daemon [_thread_blocked, id=18384, stack(0x0000006abb300000,0x0000006abb400000)]
  0x00000253ce88d000 JavaThread "Service Thread" daemon [_thread_blocked, id=15156, stack(0x0000006abb400000,0x0000006abb500000)]
  0x00000253ce895000 JavaThread "C2 CompilerThread0" daemon [_thread_in_native, id=14716, stack(0x0000006abb500000,0x0000006abb600000)]
  0x00000253ce898800 JavaThread "C1 CompilerThread0" daemon [_thread_blocked, id=17480, stack(0x0000006abb600000,0x0000006abb700000)]
  0x00000253ce8a5000 JavaThread "Sweeper thread" daemon [_thread_blocked, id=19216, stack(0x0000006abb700000,0x0000006abb800000)]
  0x00000253cf356800 JavaThread "Common-Cleaner" daemon [_thread_blocked, id=16044, stack(0x0000006abb800000,0x0000006abb900000)]
  0x00000253d0ae2800 JavaThread "Daemon health stats" [_thread_blocked, id=12112, stack(0x0000006abbe00000,0x0000006abbf00000)]
  0x00000253cf5ae800 JavaThread "Incoming local TCP Connector on port 49820" [_thread_in_native, id=13316, stack(0x0000006abba00000,0x0000006abbb00000)]
  0x00000253cf4eb000 JavaThread "Daemon periodic checks" [_thread_blocked, id=3816, stack(0x0000006abbb00000,0x0000006abbc00000)]
  0x00000253d1ecb000 JavaThread "Cache worker for file hash cache (C:\Users\LENOVO\.gradle\caches\7.0.2\fileHashes)" [_thread_blocked, id=5528, stack(0x0000006abcd00000,0x0000006abce00000)]
  0x00000253d1eca800 JavaThread "File lock request listener" [_thread_in_native, id=652, stack(0x0000006abce00000,0x0000006abcf00000)]
  0x00000253d1ec5800 JavaThread "Cache worker for journal cache (C:\Users\LENOVO\.gradle\caches\journal-1)" [_thread_blocked, id=9196, stack(0x0000006abd000000,0x0000006abd100000)]
  0x00000253d1ecc000 JavaThread "File watcher server" daemon [_thread_in_native, id=3972, stack(0x0000006abd200000,0x0000006abd300000)]
  0x00000253d1ec6800 JavaThread "File watcher consumer" daemon [_thread_blocked, id=18640, stack(0x0000006abd300000,0x0000006abd400000)]
  0x00000253d4e9d800 JavaThread "Cache worker for execution history cache (C:\Users\LENOVO\.gradle\caches\7.0.2\executionHistory)" [_thread_blocked, id=18312, stack(0x0000006abd800000,0x0000006abd900000)]
  0x00000253d4e9d000 JavaThread "jar transforms" [_thread_blocked, id=12756, stack(0x0000006abd900000,0x0000006abda00000)]
  0x00000253d4e9c000 JavaThread "jar transforms Thread 2" [_thread_blocked, id=4176, stack(0x0000006abda00000,0x0000006abdb00000)]
  0x00000253d4e98000 JavaThread "Cache worker for file content cache (C:\Users\LENOVO\.gradle\caches\7.0.2\fileContent)" [_thread_blocked, id=15984, stack(0x0000006abdb00000,0x0000006abdc00000)]
  0x00000253d4e9f800 JavaThread "jar transforms Thread 3" [_thread_blocked, id=10156, stack(0x0000006abdd00000,0x0000006abde00000)]
  0x00000253d5ced000 JavaThread "jar transforms Thread 4" [_thread_blocked, id=18120, stack(0x0000006abe700000,0x0000006abe800000)]
  0x00000253d5ceb800 JavaThread "jar transforms Thread 5" [_thread_blocked, id=2976, stack(0x0000006abe800000,0x0000006abe900000)]
  0x00000253d5cee000 JavaThread "jar transforms Thread 6" [_thread_blocked, id=644, stack(0x0000006abe900000,0x0000006abea00000)]
  0x00000253d5cef000 JavaThread "jar transforms Thread 7" [_thread_blocked, id=11912, stack(0x0000006abea00000,0x0000006abeb00000)]
  0x00000253d5cec800 JavaThread "jar transforms Thread 8" [_thread_blocked, id=17508, stack(0x0000006abeb00000,0x0000006abec00000)]
  0x00000253d5ce9000 JavaThread "Memory manager" [_thread_blocked, id=13964, stack(0x0000006abd600000,0x0000006abd700000)]
  0x00000253d5cf1800 JavaThread "Cache worker for Java compile cache (C:\Users\LENOVO\.gradle\caches\7.0.2\javaCompile)" [_thread_blocked, id=13408, stack(0x0000006abf600000,0x0000006abf700000)]
  0x00000253d4de6800 JavaThread "ForkJoinPool.commonPool-worker-3" daemon [_thread_blocked, id=17680, stack(0x0000006ac0100000,0x0000006ac0200000)]
  0x00000253d4def800 JavaThread "ForkJoinPool.commonPool-worker-9" daemon [_thread_blocked, id=10824, stack(0x0000006ac0400000,0x0000006ac0500000)]
  0x00000253d4ded000 JavaThread "ForkJoinPool.commonPool-worker-13" daemon [_thread_blocked, id=1512, stack(0x0000006abfd00000,0x0000006abfe00000)]
  0x00000253d4de5000 JavaThread "Daemon Thread 2" [_thread_blocked, id=15004, stack(0x0000006aba600000,0x0000006aba700000)]
  0x00000253d4de9000 JavaThread "Daemon worker Thread 2" [_thread_in_Java, id=4740, stack(0x0000006abbf00000,0x0000006abc000000)]
  0x00000253d1ec8000 JavaThread "ForkJoinPool.commonPool-worker-1" daemon [_thread_blocked, id=8436, stack(0x0000006abc400000,0x0000006abc500000)]
  0x00000253d1ec9800 JavaThread "ForkJoinPool.commonPool-worker-5" daemon [_thread_blocked, id=14536, stack(0x0000006abf900000,0x0000006abfa00000)]
  0x00000253d5cf4000 JavaThread "ForkJoinPool.commonPool-worker-7" daemon [_thread_blocked, id=6028, stack(0x0000006abfa00000,0x0000006abfb00000)]
  0x00000253d7ed1800 JavaThread "ForkJoinPool.commonPool-worker-11" daemon [_thread_blocked, id=16268, stack(0x0000006ac0300000,0x0000006ac0400000)]
  0x00000253d4e99800 JavaThread "Handler for socket connection from /127.0.0.1:49820 to /127.0.0.1:50277" [_thread_in_native, id=1912, stack(0x0000006aba700000,0x0000006aba800000)]
  0x00000253d4ea4000 JavaThread "Cancel handler" [_thread_blocked, id=15736, stack(0x0000006aba800000,0x0000006aba900000)]
  0x00000253d4ea2800 JavaThread "Asynchronous log dispatcher for DefaultDaemonConnection: socket connection from /127.0.0.1:49820 to /127.0.0.1:50277" [_thread_blocked, id=3460, stack(0x0000006abc000000,0x0000006abc100000)]
  0x00000253d4ea5000 JavaThread "Stdin handler" [_thread_blocked, id=10896, stack(0x0000006abc100000,0x0000006abc200000)]
  0x00000253d4ea6000 JavaThread "Daemon client event forwarder" [_thread_blocked, id=17268, stack(0x0000006abc200000,0x0000006abc300000)]
  0x00000253d4ea3800 JavaThread "Cache worker for file hash cache (E:\519h0291\phattrienungdungdidong\ReportApp\.gradle\7.0.2\fileHashes)" [_thread_blocked, id=18704, stack(0x0000006abc300000,0x0000006abc400000)]
  0x00000253d4ea0000 JavaThread "Cache worker for checksums cache (E:\519h0291\phattrienungdungdidong\ReportApp\.gradle\checksums)" [_thread_blocked, id=10000, stack(0x0000006abc500000,0x0000006abc600000)]
  0x00000253d4ea1000 JavaThread "Cache worker for cache directory md-supplier (C:\Users\LENOVO\.gradle\caches\7.0.2\md-supplier)" [_thread_blocked, id=13300, stack(0x0000006abc600000,0x0000006abc700000)]
  0x00000253d7ed5000 JavaThread "Cache worker for cache directory md-rule (C:\Users\LENOVO\.gradle\caches\7.0.2\md-rule)" [_thread_blocked, id=884, stack(0x0000006abd100000,0x0000006abd200000)]
  0x00000253d7ed0800 JavaThread "Cache worker for dependencies-accessors (E:\519h0291\phattrienungdungdidong\ReportApp\.gradle\7.0.2\dependencies-accessors)" [_thread_blocked, id=10196, stack(0x0000006abd400000,0x0000006abd500000)]
  0x00000253d7ed2800 JavaThread "Cache worker for Build Output Cleanup Cache (E:\519h0291\phattrienungdungdidong\ReportApp\.gradle\buildOutputCleanup)" [_thread_blocked, id=15744, stack(0x0000006abd500000,0x0000006abd600000)]
  0x00000253d7ed3000 JavaThread "C2 CompilerThread1" daemon [_thread_in_native, id=10064, stack(0x0000006abd700000,0x0000006abd800000)]
=>0x00000253d7ed0000 JavaThread "C2 CompilerThread2" daemon [_thread_in_native, id=15076, stack(0x0000006abdc00000,0x0000006abdd00000)]
  0x00000253d7ecf000 JavaThread "Build operations" [_thread_blocked, id=5204, stack(0x0000006abde00000,0x0000006abdf00000)]
  0x00000253d7eda800 JavaThread "Build operations Thread 2" [_thread_blocked, id=11556, stack(0x0000006abdf00000,0x0000006abe000000)]
  0x00000253d7ed7800 JavaThread "Build operations Thread 3" [_thread_blocked, id=11184, stack(0x0000006abe000000,0x0000006abe100000)]
  0x00000253d7edb800 JavaThread "Build operations Thread 4" [_thread_blocked, id=4980, stack(0x0000006abe100000,0x0000006abe200000)]
  0x00000253d7ed8000 JavaThread "Build operations Thread 5" [_thread_blocked, id=14120, stack(0x0000006abe200000,0x0000006abe300000)]
  0x00000253d7ed9000 JavaThread "Build operations Thread 6" [_thread_blocked, id=13016, stack(0x0000006abe300000,0x0000006abe400000)]
  0x00000253d7ed5800 JavaThread "Build operations Thread 7" [_thread_blocked, id=1124, stack(0x0000006abe400000,0x0000006abe500000)]
  0x00000253d7edc000 JavaThread "Build operations Thread 8" [_thread_blocked, id=6996, stack(0x0000006abe500000,0x0000006abe600000)]

Other Threads:
  0x00000253ce86c000 VMThread "VM Thread" [stack: 0x0000006abaf00000,0x0000006abb000000] [id=16360]
  0x00000253cf368000 WatcherThread [stack: 0x0000006abb900000,0x0000006abba00000] [id=14052]
  0x00000253b4429000 GCTaskThread "GC Thread#0" [stack: 0x0000006abaa00000,0x0000006abab00000] [id=8796]
  0x00000253cfdae800 GCTaskThread "GC Thread#1" [stack: 0x0000006abbc00000,0x0000006abbd00000] [id=13812]
  0x00000253d00d7800 GCTaskThread "GC Thread#2" [stack: 0x0000006abbd00000,0x0000006abbe00000] [id=14072]
  0x00000253d18ce800 GCTaskThread "GC Thread#3" [stack: 0x0000006abc700000,0x0000006abc800000] [id=8280]
  0x00000253d1a26800 GCTaskThread "GC Thread#4" [stack: 0x0000006abc800000,0x0000006abc900000] [id=6048]
  0x00000253d128c800 GCTaskThread "GC Thread#5" [stack: 0x0000006abc900000,0x0000006abca00000] [id=14700]
  0x00000253d06bc000 GCTaskThread "GC Thread#6" [stack: 0x0000006abca00000,0x0000006abcb00000] [id=11508]
  0x00000253d1db6000 GCTaskThread "GC Thread#7" [stack: 0x0000006abcb00000,0x0000006abcc00000] [id=13492]
  0x00000253b445a000 ConcurrentGCThread "G1 Main Marker" [stack: 0x0000006abab00000,0x0000006abac00000] [id=17788]
  0x00000253b445b800 ConcurrentGCThread "G1 Conc#0" [stack: 0x0000006abac00000,0x0000006abad00000] [id=10956]
  0x00000253d0b32000 ConcurrentGCThread "G1 Conc#1" [stack: 0x0000006abcf00000,0x0000006abd000000] [id=16916]
  0x00000253ce6c0800 ConcurrentGCThread "G1 Refine#0" [stack: 0x0000006abad00000,0x0000006abae00000] [id=3484]
  0x00000253d1d9a800 ConcurrentGCThread "G1 Refine#1" [stack: 0x0000006abcc00000,0x0000006abcd00000] [id=12132]
  0x00000253ce6c1800 ConcurrentGCThread "G1 Young RemSet Sampling" [stack: 0x0000006abae00000,0x0000006abaf00000] [id=11848]

Threads with active compile tasks:
C2 CompilerThread0 422562 25465       4       org.gradle.cache.internal.DefaultCacheFactory$ReferenceTrackingCache::useCache (14 bytes)
C2 CompilerThread1 422562 25466       4       org.gradle.cache.internal.DefaultPersistentDirectoryStore::useCache (11 bytes)
C2 CompilerThread2 422562 25467       4       org.gradle.api.internal.artifacts.ivyservice.modulecache.ModuleMetadataSerializer$Reader::readMavenDependency (142 bytes)

VM state:not at safepoint (normal execution)

VM Mutex/Monitor currently owned by a thread: None

Heap address: 0x0000000080000000, size: 2048 MB, Compressed Oops mode: 32-bit
Narrow klass base: 0x0000000000000000, Narrow klass shift: 3
Compressed class space size: 1073741824 Address: 0x0000000100000000

Heap:
 garbage-first heap   total 328704K, used 191799K [0x0000000080000000, 0x0000000100000000)
  region size 1024K, 50 young (51200K), 5 survivors (5120K)
 Metaspace       used 138294K, capacity 142723K, committed 142840K, reserved 1173504K
  class space    used 17287K, capacity 18881K, committed 18968K, reserved 1048576K
Heap Regions: E=young(eden), S=young(survivor), O=old, HS=humongous(starts), HC=humongous(continues), CS=collection set, F=free, A=archive, TAMS=top-at-mark-start (previous, next)
|   0|0x0000000080000000, 0x0000000080100000, 0x0000000080100000|100%| O|  |TAMS 0x0000000080100000, 0x0000000080000000| Untracked 
|   1|0x0000000080100000, 0x0000000080200000, 0x0000000080200000|100%| O|  |TAMS 0x0000000080200000, 0x0000000080100000| Complete 
|   2|0x0000000080200000, 0x0000000080300000, 0x0000000080300000|100%| O|  |TAMS 0x0000000080300000, 0x0000000080200000| Untracked 
|   3|0x0000000080300000, 0x0000000080400000, 0x0000000080400000|100%|HS|  |TAMS 0x0000000080400000, 0x0000000080300000| Complete 
|   4|0x0000000080400000, 0x0000000080500000, 0x0000000080500000|100%|HC|  |TAMS 0x0000000080500000, 0x0000000080400000| Complete 
|   5|0x0000000080500000, 0x0000000080600000, 0x0000000080600000|100%|HC|  |TAMS 0x0000000080600000, 0x0000000080500000| Complete 
|   6|0x0000000080600000, 0x0000000080700000, 0x0000000080700000|100%| O|  |TAMS 0x0000000080700000, 0x0000000080600000| Untracked 
|   7|0x0000000080700000, 0x0000000080800000, 0x0000000080800000|100%| O|  |TAMS 0x0000000080800000, 0x0000000080700000| Untracked 
|   8|0x0000000080800000, 0x0000000080900000, 0x0000000080900000|100%| O|  |TAMS 0x0000000080900000, 0x0000000080800000| Complete 
|   9|0x0000000080900000, 0x0000000080a00000, 0x0000000080a00000|100%| O|  |TAMS 0x0000000080a00000, 0x0000000080900000| Untracked 
|  10|0x0000000080a00000, 0x0000000080affff8, 0x0000000080b00000| 99%| O|  |TAMS 0x0000000080affff8, 0x0000000080a00000| Untracked 
|  11|0x0000000080b00000, 0x0000000080c00000, 0x0000000080c00000|100%| O|  |TAMS 0x0000000080c00000, 0x0000000080b00000| Untracked 
|  12|0x0000000080c00000, 0x0000000080d00000, 0x0000000080d00000|100%| O|  |TAMS 0x0000000080d00000, 0x0000000080c00000| Untracked 
|  13|0x0000000080d00000, 0x0000000080e00000, 0x0000000080e00000|100%| O|  |TAMS 0x0000000080e00000, 0x0000000080d00000| Complete 
|  14|0x0000000080e00000, 0x0000000080f00000, 0x0000000080f00000|100%| O|  |TAMS 0x0000000080f00000, 0x0000000080e00000| Untracked 
|  15|0x0000000080f00000, 0x0000000081000000, 0x0000000081000000|100%| O|  |TAMS 0x0000000081000000, 0x0000000080f00000| Complete 
|  16|0x0000000081000000, 0x0000000081100000, 0x0000000081100000|100%| O|  |TAMS 0x0000000081100000, 0x0000000081000000| Untracked 
|  17|0x0000000081100000, 0x0000000081200000, 0x0000000081200000|100%| O|  |TAMS 0x0000000081200000, 0x0000000081100000| Complete 
|  18|0x0000000081200000, 0x0000000081300000, 0x0000000081300000|100%| O|  |TAMS 0x0000000081300000, 0x0000000081200000| Complete 
|  19|0x0000000081300000, 0x0000000081400000, 0x0000000081400000|100%|HS|  |TAMS 0x0000000081400000, 0x0000000081300000| Complete 
|  20|0x0000000081400000, 0x0000000081500000, 0x0000000081500000|100%| O|  |TAMS 0x0000000081500000, 0x0000000081400000| Untracked 
|  21|0x0000000081500000, 0x0000000081600000, 0x0000000081600000|100%| O|  |TAMS 0x0000000081600000, 0x0000000081500000| Untracked 
|  22|0x0000000081600000, 0x0000000081700000, 0x0000000081700000|100%| O|  |TAMS 0x0000000081700000, 0x0000000081600000| Untracked 
|  23|0x0000000081700000, 0x0000000081800000, 0x0000000081800000|100%|HS|  |TAMS 0x0000000081800000, 0x0000000081700000| Complete 
|  24|0x0000000081800000, 0x0000000081900000, 0x0000000081900000|100%|HS|  |TAMS 0x0000000081900000, 0x0000000081800000| Complete 
|  25|0x0000000081900000, 0x0000000081a00000, 0x0000000081a00000|100%|HC|  |TAMS 0x0000000081a00000, 0x0000000081900000| Complete 
|  26|0x0000000081a00000, 0x0000000081b00000, 0x0000000081b00000|100%| O|  |TAMS 0x0000000081b00000, 0x0000000081a00000| Untracked 
|  27|0x0000000081b00000, 0x0000000081c00000, 0x0000000081c00000|100%| O|  |TAMS 0x0000000081c00000, 0x0000000081b00000| Untracked 
|  28|0x0000000081c00000, 0x0000000081d00000, 0x0000000081d00000|100%| O|  |TAMS 0x0000000081d00000, 0x0000000081c00000| Untracked 
|  29|0x0000000081d00000, 0x0000000081e00000, 0x0000000081e00000|100%| O|  |TAMS 0x0000000081e00000, 0x0000000081d00000| Complete 
|  30|0x0000000081e00000, 0x0000000081f00000, 0x0000000081f00000|100%| O|  |TAMS 0x0000000081f00000, 0x0000000081e00000| Complete 
|  31|0x0000000081f00000, 0x0000000082000000, 0x0000000082000000|100%| O|  |TAMS 0x0000000082000000, 0x0000000081f00000| Complete 
|  32|0x0000000082000000, 0x0000000082100000, 0x0000000082100000|100%| O|  |TAMS 0x0000000082100000, 0x0000000082000000| Untracked 
|  33|0x0000000082100000, 0x0000000082200000, 0x0000000082200000|100%| O|  |TAMS 0x0000000082200000, 0x0000000082100000| Untracked 
|  34|0x0000000082200000, 0x0000000082300000, 0x0000000082300000|100%| O|  |TAMS 0x0000000082300000, 0x0000000082200000| Untracked 
|  35|0x0000000082300000, 0x0000000082400000, 0x0000000082400000|100%| O|  |TAMS 0x0000000082400000, 0x0000000082300000| Untracked 
|  36|0x0000000082400000, 0x0000000082500000, 0x0000000082500000|100%| O|  |TAMS 0x0000000082500000, 0x0000000082400000| Untracked 
|  37|0x0000000082500000, 0x0000000082600000, 0x0000000082600000|100%| O|  |TAMS 0x0000000082600000, 0x0000000082500000| Complete 
|  38|0x0000000082600000, 0x0000000082700000, 0x0000000082700000|100%| O|  |TAMS 0x0000000082700000, 0x0000000082600000| Untracked 
|  39|0x0000000082700000, 0x0000000082800000, 0x0000000082800000|100%| O|  |TAMS 0x0000000082800000, 0x0000000082700000| Complete 
|  40|0x0000000082800000, 0x0000000082900000, 0x0000000082900000|100%| O|  |TAMS 0x0000000082900000, 0x0000000082800000| Complete 
|  41|0x0000000082900000, 0x0000000082a00000, 0x0000000082a00000|100%| O|  |TAMS 0x0000000082a00000, 0x0000000082900000| Untracked 
|  42|0x0000000082a00000, 0x0000000082b00000, 0x0000000082b00000|100%| O|  |TAMS 0x0000000082b00000, 0x0000000082a00000| Untracked 
|  43|0x0000000082b00000, 0x0000000082c00000, 0x0000000082c00000|100%| O|  |TAMS 0x0000000082c00000, 0x0000000082b00000| Untracked 
|  44|0x0000000082c00000, 0x0000000082d00000, 0x0000000082d00000|100%| O|  |TAMS 0x0000000082d00000, 0x0000000082c00000| Untracked 
|  45|0x0000000082d00000, 0x0000000082e00000, 0x0000000082e00000|100%| O|  |TAMS 0x0000000082e00000, 0x0000000082d00000| Untracked 
|  46|0x0000000082e00000, 0x0000000082f00000, 0x0000000082f00000|100%| O|  |TAMS 0x0000000082f00000, 0x0000000082e00000| Untracked 
|  47|0x0000000082f00000, 0x0000000083000000, 0x0000000083000000|100%| O|  |TAMS 0x0000000083000000, 0x0000000082f00000| Untracked 
|  48|0x0000000083000000, 0x0000000083100000, 0x0000000083100000|100%| O|  |TAMS 0x0000000083100000, 0x0000000083000000| Untracked 
|  49|0x0000000083100000, 0x0000000083200000, 0x0000000083200000|100%| O|  |TAMS 0x0000000083200000, 0x0000000083100000| Untracked 
|  50|0x0000000083200000, 0x0000000083300000, 0x0000000083300000|100%| O|  |TAMS 0x0000000083300000, 0x0000000083200000| Complete 
|  51|0x0000000083300000, 0x0000000083400000, 0x0000000083400000|100%| O|  |TAMS 0x0000000083400000, 0x0000000083300000| Complete 
|  52|0x0000000083400000, 0x0000000083500000, 0x0000000083500000|100%| O|  |TAMS 0x0000000083500000, 0x0000000083400000| Complete 
|  53|0x0000000083500000, 0x0000000083600000, 0x0000000083600000|100%| O|  |TAMS 0x0000000083600000, 0x0000000083500000| Complete 
|  54|0x0000000083600000, 0x0000000083700000, 0x0000000083700000|100%| O|  |TAMS 0x0000000083700000, 0x0000000083600000| Untracked 
|  55|0x0000000083700000, 0x0000000083800000, 0x0000000083800000|100%| O|  |TAMS 0x0000000083800000, 0x0000000083700000| Untracked 
|  56|0x0000000083800000, 0x0000000083900000, 0x0000000083900000|100%| O|  |TAMS 0x0000000083900000, 0x0000000083800000| Complete 
|  57|0x0000000083900000, 0x0000000083a00000, 0x0000000083a00000|100%|HS|  |TAMS 0x0000000083900000, 0x0000000083900000| Complete 
|  58|0x0000000083a00000, 0x0000000083b00000, 0x0000000083b00000|100%| O|  |TAMS 0x0000000083b00000, 0x0000000083a00000| Untracked 
|  59|0x0000000083b00000, 0x0000000083c00000, 0x0000000083c00000|100%| O|  |TAMS 0x0000000083c00000, 0x0000000083b00000| Complete 
|  60|0x0000000083c00000, 0x0000000083d00000, 0x0000000083d00000|100%| O|  |TAMS 0x0000000083d00000, 0x0000000083c00000| Complete 
|  61|0x0000000083d00000, 0x0000000083e00000, 0x0000000083e00000|100%| O|  |TAMS 0x0000000083e00000, 0x0000000083d00000| Untracked 
|  62|0x0000000083e00000, 0x0000000083f00000, 0x0000000083f00000|100%| O|  |TAMS 0x0000000083f00000, 0x0000000083e00000| Untracked 
|  63|0x0000000083f00000, 0x0000000084000000, 0x0000000084000000|100%| O|  |TAMS 0x0000000084000000, 0x0000000083f00000| Untracked 
|  64|0x0000000084000000, 0x0000000084100000, 0x0000000084100000|100%| O|  |TAMS 0x0000000084100000, 0x0000000084000000| Complete 
|  65|0x0000000084100000, 0x0000000084200000, 0x0000000084200000|100%| O|  |TAMS 0x0000000084200000, 0x0000000084100000| Complete 
|  66|0x0000000084200000, 0x0000000084300000, 0x0000000084300000|100%| O|  |TAMS 0x0000000084300000, 0x0000000084200000| Complete 
|  67|0x0000000084300000, 0x0000000084400000, 0x0000000084400000|100%| O|  |TAMS 0x0000000084400000, 0x0000000084300000| Complete 
|  68|0x0000000084400000, 0x0000000084500000, 0x0000000084500000|100%| O|  |TAMS 0x0000000084500000, 0x0000000084400000| Untracked 
|  69|0x0000000084500000, 0x0000000084500000, 0x0000000084600000|  0%| F|  |TAMS 0x0000000084500000, 0x0000000084500000| Untracked 
|  70|0x0000000084600000, 0x0000000084700000, 0x0000000084700000|100%| O|  |TAMS 0x0000000084700000, 0x0000000084600000| Complete 
|  71|0x0000000084700000, 0x0000000084800000, 0x0000000084800000|100%| O|  |TAMS 0x0000000084800000, 0x0000000084700000| Complete 
|  72|0x0000000084800000, 0x0000000084900000, 0x0000000084900000|100%| O|  |TAMS 0x0000000084900000, 0x0000000084800000| Untracked 
|  73|0x0000000084900000, 0x0000000084a00000, 0x0000000084a00000|100%| O|  |TAMS 0x0000000084a00000, 0x0000000084900000| Complete 
|  74|0x0000000084a00000, 0x0000000084b00000, 0x0000000084b00000|100%| O|  |TAMS 0x0000000084b00000, 0x0000000084a00000| Complete 
|  75|0x0000000084b00000, 0x0000000084c00000, 0x0000000084c00000|100%| O|  |TAMS 0x0000000084c00000, 0x0000000084b00000| Untracked 
|  76|0x0000000084c00000, 0x0000000084c00000, 0x0000000084d00000|  0%| F|  |TAMS 0x0000000084c00000, 0x0000000084c00000| Untracked 
|  77|0x0000000084d00000, 0x0000000084e00000, 0x0000000084e00000|100%| O|  |TAMS 0x0000000084e00000, 0x0000000084d00000| Complete 
|  78|0x0000000084e00000, 0x0000000084f00000, 0x0000000084f00000|100%| O|  |TAMS 0x0000000084f00000, 0x0000000084e00000| Complete 
|  79|0x0000000084f00000, 0x0000000085000000, 0x0000000085000000|100%| O|  |TAMS 0x0000000085000000, 0x0000000084f00000| Complete 
|  80|0x0000000085000000, 0x0000000085100000, 0x0000000085100000|100%| O|  |TAMS 0x0000000085100000, 0x0000000085000000| Complete 
|  81|0x0000000085100000, 0x0000000085200000, 0x0000000085200000|100%| O|  |TAMS 0x0000000085200000, 0x0000000085100000| Complete 
|  82|0x0000000085200000, 0x0000000085300000, 0x0000000085300000|100%| O|  |TAMS 0x0000000085300000, 0x0000000085200000| Untracked 
|  83|0x0000000085300000, 0x0000000085400000, 0x0000000085400000|100%| O|  |TAMS 0x0000000085400000, 0x0000000085300000| Complete 
|  84|0x0000000085400000, 0x0000000085500000, 0x0000000085500000|100%| O|  |TAMS 0x0000000085500000, 0x0000000085400000| Complete 
|  85|0x0000000085500000, 0x0000000085600000, 0x0000000085600000|100%| O|  |TAMS 0x0000000085600000, 0x0000000085500000| Complete 
|  86|0x0000000085600000, 0x0000000085700000, 0x0000000085700000|100%| O|  |TAMS 0x0000000085700000, 0x0000000085600000| Complete 
|  87|0x0000000085700000, 0x0000000085800000, 0x0000000085800000|100%| O|  |TAMS 0x0000000085800000, 0x0000000085700000| Complete 
|  88|0x0000000085800000, 0x0000000085900000, 0x0000000085900000|100%| O|  |TAMS 0x0000000085900000, 0x0000000085800000| Complete 
|  89|0x0000000085900000, 0x0000000085a00000, 0x0000000085a00000|100%| O|  |TAMS 0x0000000085a00000, 0x0000000085900000| Complete 
|  90|0x0000000085a00000, 0x0000000085b00000, 0x0000000085b00000|100%| O|  |TAMS 0x0000000085b00000, 0x0000000085a00000| Untracked 
|  91|0x0000000085b00000, 0x0000000085c00000, 0x0000000085c00000|100%|HS|  |TAMS 0x0000000085c00000, 0x0000000085b00000| Complete 
|  92|0x0000000085c00000, 0x0000000085d00000, 0x0000000085d00000|100%|HC|  |TAMS 0x0000000085d00000, 0x0000000085c00000| Complete 
|  93|0x0000000085d00000, 0x0000000085e00000, 0x0000000085e00000|100%|HC|  |TAMS 0x0000000085e00000, 0x0000000085d00000| Complete 
|  94|0x0000000085e00000, 0x0000000085f00000, 0x0000000085f00000|100%| O|  |TAMS 0x0000000085f00000, 0x0000000085e00000| Complete 
|  95|0x0000000085f00000, 0x0000000086000000, 0x0000000086000000|100%| O|  |TAMS 0x0000000086000000, 0x0000000085f00000| Untracked 
|  96|0x0000000086000000, 0x0000000086100000, 0x0000000086100000|100%| O|  |TAMS 0x0000000086100000, 0x0000000086000000| Complete 
|  97|0x0000000086100000, 0x0000000086200000, 0x0000000086200000|100%| O|  |TAMS 0x0000000086200000, 0x0000000086100000| Complete 
|  98|0x0000000086200000, 0x0000000086300000, 0x0000000086300000|100%|HS|  |TAMS 0x0000000086300000, 0x0000000086200000| Complete 
|  99|0x0000000086300000, 0x0000000086400000, 0x0000000086400000|100%|HC|  |TAMS 0x0000000086400000, 0x0000000086300000| Complete 
| 100|0x0000000086400000, 0x0000000086500000, 0x0000000086500000|100%|HC|  |TAMS 0x0000000086500000, 0x0000000086400000| Complete 
| 101|0x0000000086500000, 0x0000000086600000, 0x0000000086600000|100%|HS|  |TAMS 0x0000000086600000, 0x0000000086500000| Complete 
| 102|0x0000000086600000, 0x0000000086700000, 0x0000000086700000|100%|HC|  |TAMS 0x0000000086700000, 0x0000000086600000| Complete 
| 103|0x0000000086700000, 0x0000000086800000, 0x0000000086800000|100%|HS|  |TAMS 0x0000000086800000, 0x0000000086700000| Complete 
| 104|0x0000000086800000, 0x0000000086900000, 0x0000000086900000|100%|HC|  |TAMS 0x0000000086900000, 0x0000000086800000| Complete 
| 105|0x0000000086900000, 0x0000000086a00000, 0x0000000086a00000|100%|HC|  |TAMS 0x0000000086a00000, 0x0000000086900000| Complete 
| 106|0x0000000086a00000, 0x0000000086b00000, 0x0000000086b00000|100%|HC|  |TAMS 0x0000000086b00000, 0x0000000086a00000| Complete 
| 107|0x0000000086b00000, 0x0000000086c00000, 0x0000000086c00000|100%|HC|  |TAMS 0x0000000086c00000, 0x0000000086b00000| Complete 
| 108|0x0000000086c00000, 0x0000000086d00000, 0x0000000086d00000|100%|HS|  |TAMS 0x0000000086d00000, 0x0000000086c00000| Complete 
| 109|0x0000000086d00000, 0x0000000086e00000, 0x0000000086e00000|100%|HC|  |TAMS 0x0000000086e00000, 0x0000000086d00000| Complete 
| 110|0x0000000086e00000, 0x0000000086f00000, 0x0000000086f00000|100%|HC|  |TAMS 0x0000000086f00000, 0x0000000086e00000| Complete 
| 111|0x0000000086f00000, 0x0000000087000000, 0x0000000087000000|100%|HC|  |TAMS 0x0000000087000000, 0x0000000086f00000| Complete 
| 112|0x0000000087000000, 0x0000000087100000, 0x0000000087100000|100%|HC|  |TAMS 0x0000000087100000, 0x0000000087000000| Complete 
| 113|0x0000000087100000, 0x0000000087200000, 0x0000000087200000|100%| O|  |TAMS 0x0000000087200000, 0x0000000087100000| Complete 
| 114|0x0000000087200000, 0x0000000087300000, 0x0000000087300000|100%| O|  |TAMS 0x0000000087300000, 0x0000000087200000| Complete 
| 115|0x0000000087300000, 0x0000000087400000, 0x0000000087400000|100%| O|  |TAMS 0x0000000087400000, 0x0000000087300000| Complete 
| 116|0x0000000087400000, 0x0000000087500000, 0x0000000087500000|100%| O|  |TAMS 0x0000000087500000, 0x0000000087400000| Untracked 
| 117|0x0000000087500000, 0x0000000087600000, 0x0000000087600000|100%| O|  |TAMS 0x0000000087600000, 0x0000000087500000| Complete 
| 118|0x0000000087600000, 0x0000000087700000, 0x0000000087700000|100%|HS|  |TAMS 0x0000000087600000, 0x0000000087600000| Complete 
| 119|0x0000000087700000, 0x0000000087800000, 0x0000000087800000|100%|HC|  |TAMS 0x0000000087700000, 0x0000000087700000| Complete 
| 120|0x0000000087800000, 0x0000000087900000, 0x0000000087900000|100%| O|  |TAMS 0x0000000087900000, 0x0000000087800000| Complete 
| 121|0x0000000087900000, 0x0000000087924200, 0x0000000087a00000| 14%| O|  |TAMS 0x0000000087924200, 0x0000000087900000| Untracked 
| 122|0x0000000087a00000, 0x0000000087b00000, 0x0000000087b00000|100%|HS|  |TAMS 0x0000000087a00000, 0x0000000087a00000| Complete 
| 123|0x0000000087b00000, 0x0000000087c00000, 0x0000000087c00000|100%|HC|  |TAMS 0x0000000087b00000, 0x0000000087b00000| Complete 
| 124|0x0000000087c00000, 0x0000000087d00000, 0x0000000087d00000|100%|HS|  |TAMS 0x0000000087c00000, 0x0000000087c00000| Complete 
| 125|0x0000000087d00000, 0x0000000087e00000, 0x0000000087e00000|100%|HC|  |TAMS 0x0000000087d00000, 0x0000000087d00000| Complete 
| 126|0x0000000087e00000, 0x0000000087f00000, 0x0000000087f00000|100%| O|  |TAMS 0x0000000087f00000, 0x0000000087e00000| Complete 
| 127|0x0000000087f00000, 0x0000000088000000, 0x0000000088000000|100%| O|  |TAMS 0x0000000088000000, 0x0000000087f00000| Complete 
| 128|0x0000000088000000, 0x0000000088100000, 0x0000000088100000|100%| O|  |TAMS 0x0000000088100000, 0x0000000088000000| Complete 
| 129|0x0000000088100000, 0x0000000088200000, 0x0000000088200000|100%| O|  |TAMS 0x0000000088200000, 0x0000000088100000| Complete 
| 130|0x0000000088200000, 0x0000000088300000, 0x0000000088300000|100%| O|  |TAMS 0x0000000088300000, 0x0000000088200000| Complete 
| 131|0x0000000088300000, 0x0000000088400000, 0x0000000088400000|100%|HS|  |TAMS 0x0000000088300000, 0x0000000088300000| Complete 
| 132|0x0000000088400000, 0x0000000088500000, 0x0000000088500000|100%|HC|  |TAMS 0x0000000088400000, 0x0000000088400000| Complete 
| 133|0x0000000088500000, 0x0000000088500000, 0x0000000088600000|  0%| F|  |TAMS 0x0000000088500000, 0x0000000088500000| Untracked 
| 134|0x0000000088600000, 0x0000000088700000, 0x0000000088700000|100%| O|  |TAMS 0x0000000088700000, 0x0000000088600000| Untracked 
| 135|0x0000000088700000, 0x0000000088700000, 0x0000000088800000|  0%| F|  |TAMS 0x0000000088700000, 0x0000000088700000| Untracked 
| 136|0x0000000088800000, 0x0000000088800000, 0x0000000088900000|  0%| F|  |TAMS 0x0000000088800000, 0x0000000088800000| Untracked 
| 137|0x0000000088900000, 0x0000000088a00000, 0x0000000088a00000|100%| O|  |TAMS 0x0000000088a00000, 0x0000000088900000| Complete 
| 138|0x0000000088a00000, 0x0000000088b00000, 0x0000000088b00000|100%| O|  |TAMS 0x0000000088b00000, 0x0000000088a00000| Untracked 
| 139|0x0000000088b00000, 0x0000000088b00000, 0x0000000088c00000|  0%| F|  |TAMS 0x0000000088b00000, 0x0000000088b00000| Untracked 
| 140|0x0000000088c00000, 0x0000000088c00000, 0x0000000088d00000|  0%| F|  |TAMS 0x0000000088c00000, 0x0000000088c00000| Untracked 
| 141|0x0000000088d00000, 0x0000000088e00000, 0x0000000088e00000|100%| O|  |TAMS 0x0000000088e00000, 0x0000000088d00000| Complete 
| 142|0x0000000088e00000, 0x0000000088f00000, 0x0000000088f00000|100%| O|  |TAMS 0x0000000088f00000, 0x0000000088e00000| Complete 
| 143|0x0000000088f00000, 0x0000000088f00000, 0x0000000089000000|  0%| F|  |TAMS 0x0000000088f00000, 0x0000000088f00000| Untracked 
| 144|0x0000000089000000, 0x0000000089000000, 0x0000000089100000|  0%| F|  |TAMS 0x0000000089000000, 0x0000000089000000| Untracked 
| 145|0x0000000089100000, 0x0000000089100000, 0x0000000089200000|  0%| F|  |TAMS 0x0000000089100000, 0x0000000089100000| Untracked 
| 146|0x0000000089200000, 0x0000000089200000, 0x0000000089300000|  0%| F|  |TAMS 0x0000000089200000, 0x0000000089200000| Untracked 
| 147|0x0000000089300000, 0x0000000089300000, 0x0000000089400000|  0%| F|  |TAMS 0x0000000089300000, 0x0000000089300000| Untracked 
| 148|0x0000000089400000, 0x0000000089400000, 0x0000000089500000|  0%| F|  |TAMS 0x0000000089400000, 0x0000000089400000| Untracked 
| 149|0x0000000089500000, 0x0000000089500000, 0x0000000089600000|  0%| F|  |TAMS 0x0000000089500000, 0x0000000089500000| Untracked 
| 150|0x0000000089600000, 0x0000000089600000, 0x0000000089700000|  0%| F|  |TAMS 0x0000000089600000, 0x0000000089600000| Untracked 
| 151|0x0000000089700000, 0x0000000089700000, 0x0000000089800000|  0%| F|  |TAMS 0x0000000089700000, 0x0000000089700000| Untracked 
| 152|0x0000000089800000, 0x0000000089800000, 0x0000000089900000|  0%| F|  |TAMS 0x0000000089800000, 0x0000000089800000| Untracked 
| 153|0x0000000089900000, 0x0000000089900000, 0x0000000089a00000|  0%| F|  |TAMS 0x0000000089900000, 0x0000000089900000| Untracked 
| 154|0x0000000089a00000, 0x0000000089b00000, 0x0000000089b00000|100%| O|  |TAMS 0x0000000089b00000, 0x0000000089a00000| Complete 
| 155|0x0000000089b00000, 0x0000000089c00000, 0x0000000089c00000|100%| O|  |TAMS 0x0000000089c00000, 0x0000000089b00000| Untracked 
| 156|0x0000000089c00000, 0x0000000089d00000, 0x0000000089d00000|100%| O|  |TAMS 0x0000000089d00000, 0x0000000089c00000| Complete 
| 157|0x0000000089d00000, 0x0000000089e00000, 0x0000000089e00000|100%| O|  |TAMS 0x0000000089e00000, 0x0000000089d00000| Untracked 
| 158|0x0000000089e00000, 0x0000000089f00000, 0x0000000089f00000|100%| O|  |TAMS 0x0000000089f00000, 0x0000000089e00000| Untracked 
| 159|0x0000000089f00000, 0x0000000089f00000, 0x000000008a000000|  0%| F|  |TAMS 0x0000000089f00000, 0x0000000089f00000| Untracked 
| 160|0x000000008a000000, 0x000000008a000000, 0x000000008a100000|  0%| F|  |TAMS 0x000000008a000000, 0x000000008a000000| Untracked 
| 161|0x000000008a100000, 0x000000008a100000, 0x000000008a200000|  0%| F|  |TAMS 0x000000008a100000, 0x000000008a100000| Untracked 
| 162|0x000000008a200000, 0x000000008a200000, 0x000000008a300000|  0%| F|  |TAMS 0x000000008a200000, 0x000000008a200000| Untracked 
| 163|0x000000008a300000, 0x000000008a300000, 0x000000008a400000|  0%| F|  |TAMS 0x000000008a300000, 0x000000008a300000| Untracked 
| 164|0x000000008a400000, 0x000000008a400000, 0x000000008a500000|  0%| F|  |TAMS 0x000000008a400000, 0x000000008a400000| Untracked 
| 165|0x000000008a500000, 0x000000008a500000, 0x000000008a600000|  0%| F|  |TAMS 0x000000008a500000, 0x000000008a500000| Untracked 
| 166|0x000000008a600000, 0x000000008a600000, 0x000000008a700000|  0%| F|  |TAMS 0x000000008a600000, 0x000000008a600000| Untracked 
| 167|0x000000008a700000, 0x000000008a700000, 0x000000008a800000|  0%| F|  |TAMS 0x000000008a700000, 0x000000008a700000| Untracked 
| 168|0x000000008a800000, 0x000000008a800000, 0x000000008a900000|  0%| F|  |TAMS 0x000000008a800000, 0x000000008a800000| Untracked 
| 169|0x000000008a900000, 0x000000008a900000, 0x000000008aa00000|  0%| F|  |TAMS 0x000000008a900000, 0x000000008a900000| Untracked 
| 170|0x000000008aa00000, 0x000000008aa00000, 0x000000008ab00000|  0%| F|  |TAMS 0x000000008aa00000, 0x000000008aa00000| Untracked 
| 171|0x000000008ab00000, 0x000000008ab00000, 0x000000008ac00000|  0%| F|  |TAMS 0x000000008ab00000, 0x000000008ab00000| Untracked 
| 172|0x000000008ac00000, 0x000000008ac00000, 0x000000008ad00000|  0%| F|  |TAMS 0x000000008ac00000, 0x000000008ac00000| Untracked 
| 173|0x000000008ad00000, 0x000000008ad00000, 0x000000008ae00000|  0%| F|  |TAMS 0x000000008ad00000, 0x000000008ad00000| Untracked 
| 174|0x000000008ae00000, 0x000000008ae00000, 0x000000008af00000|  0%| F|  |TAMS 0x000000008ae00000, 0x000000008ae00000| Untracked 
| 175|0x000000008af00000, 0x000000008af00000, 0x000000008b000000|  0%| F|  |TAMS 0x000000008af00000, 0x000000008af00000| Untracked 
| 176|0x000000008b000000, 0x000000008b000000, 0x000000008b100000|  0%| F|  |TAMS 0x000000008b000000, 0x000000008b000000| Untracked 
| 177|0x000000008b100000, 0x000000008b100000, 0x000000008b200000|  0%| F|  |TAMS 0x000000008b100000, 0x000000008b100000| Untracked 
| 178|0x000000008b200000, 0x000000008b200000, 0x000000008b300000|  0%| F|  |TAMS 0x000000008b200000, 0x000000008b200000| Untracked 
| 179|0x000000008b300000, 0x000000008b300000, 0x000000008b400000|  0%| F|  |TAMS 0x000000008b300000, 0x000000008b300000| Untracked 
| 180|0x000000008b400000, 0x000000008b400000, 0x000000008b500000|  0%| F|  |TAMS 0x000000008b400000, 0x000000008b400000| Untracked 
| 181|0x000000008b500000, 0x000000008b500000, 0x000000008b600000|  0%| F|  |TAMS 0x000000008b500000, 0x000000008b500000| Untracked 
| 182|0x000000008b600000, 0x000000008b600000, 0x000000008b700000|  0%| F|  |TAMS 0x000000008b600000, 0x000000008b600000| Untracked 
| 183|0x000000008b700000, 0x000000008b700000, 0x000000008b800000|  0%| F|  |TAMS 0x000000008b700000, 0x000000008b700000| Untracked 
| 184|0x000000008b800000, 0x000000008b800000, 0x000000008b900000|  0%| F|  |TAMS 0x000000008b800000, 0x000000008b800000| Untracked 
| 185|0x000000008b900000, 0x000000008b900000, 0x000000008ba00000|  0%| F|  |TAMS 0x000000008b900000, 0x000000008b900000| Untracked 
| 186|0x000000008ba00000, 0x000000008ba00000, 0x000000008bb00000|  0%| F|  |TAMS 0x000000008ba00000, 0x000000008ba00000| Untracked 
| 187|0x000000008bb00000, 0x000000008bb00000, 0x000000008bc00000|  0%| F|  |TAMS 0x000000008bb00000, 0x000000008bb00000| Untracked 
| 188|0x000000008bc00000, 0x000000008bc00000, 0x000000008bd00000|  0%| F|  |TAMS 0x000000008bc00000, 0x000000008bc00000| Untracked 
| 189|0x000000008bd00000, 0x000000008bd00000, 0x000000008be00000|  0%| F|  |TAMS 0x000000008bd00000, 0x000000008bd00000| Untracked 
| 190|0x000000008be00000, 0x000000008be00000, 0x000000008bf00000|  0%| F|  |TAMS 0x000000008be00000, 0x000000008be00000| Untracked 
| 191|0x000000008bf00000, 0x000000008bf00000, 0x000000008c000000|  0%| F|  |TAMS 0x000000008bf00000, 0x000000008bf00000| Untracked 
| 192|0x000000008c000000, 0x000000008c000000, 0x000000008c100000|  0%| F|  |TAMS 0x000000008c000000, 0x000000008c000000| Untracked 
| 193|0x000000008c100000, 0x000000008c100000, 0x000000008c200000|  0%| F|  |TAMS 0x000000008c100000, 0x000000008c100000| Untracked 
| 194|0x000000008c200000, 0x000000008c200000, 0x000000008c300000|  0%| F|  |TAMS 0x000000008c200000, 0x000000008c200000| Untracked 
| 195|0x000000008c300000, 0x000000008c300000, 0x000000008c400000|  0%| F|  |TAMS 0x000000008c300000, 0x000000008c300000| Untracked 
| 196|0x000000008c400000, 0x000000008c400000, 0x000000008c500000|  0%| F|  |TAMS 0x000000008c400000, 0x000000008c400000| Untracked 
| 197|0x000000008c500000, 0x000000008c500000, 0x000000008c600000|  0%| F|  |TAMS 0x000000008c500000, 0x000000008c500000| Untracked 
| 198|0x000000008c600000, 0x000000008c600000, 0x000000008c700000|  0%| F|  |TAMS 0x000000008c600000, 0x000000008c600000| Untracked 
| 199|0x000000008c700000, 0x000000008c700000, 0x000000008c800000|  0%| F|  |TAMS 0x000000008c700000, 0x000000008c700000| Untracked 
| 200|0x000000008c800000, 0x000000008c800000, 0x000000008c900000|  0%| F|  |TAMS 0x000000008c800000, 0x000000008c800000| Untracked 
| 201|0x000000008c900000, 0x000000008c900000, 0x000000008ca00000|  0%| F|  |TAMS 0x000000008c900000, 0x000000008c900000| Untracked 
| 202|0x000000008ca00000, 0x000000008ca00000, 0x000000008cb00000|  0%| F|  |TAMS 0x000000008ca00000, 0x000000008ca00000| Untracked 
| 203|0x000000008cb00000, 0x000000008cb00000, 0x000000008cc00000|  0%| F|  |TAMS 0x000000008cb00000, 0x000000008cb00000| Untracked 
| 204|0x000000008cc00000, 0x000000008cc00000, 0x000000008cd00000|  0%| F|  |TAMS 0x000000008cc00000, 0x000000008cc00000| Untracked 
| 205|0x000000008cd00000, 0x000000008cd00000, 0x000000008ce00000|  0%| F|  |TAMS 0x000000008cd00000, 0x000000008cd00000| Untracked 
| 206|0x000000008ce00000, 0x000000008ce00000, 0x000000008cf00000|  0%| F|  |TAMS 0x000000008ce00000, 0x000000008ce00000| Untracked 
| 207|0x000000008cf00000, 0x000000008cf00000, 0x000000008d000000|  0%| F|  |TAMS 0x000000008cf00000, 0x000000008cf00000| Untracked 
| 208|0x000000008d000000, 0x000000008d000000, 0x000000008d100000|  0%| F|  |TAMS 0x000000008d000000, 0x000000008d000000| Untracked 
| 209|0x000000008d100000, 0x000000008d100000, 0x000000008d200000|  0%| F|  |TAMS 0x000000008d100000, 0x000000008d100000| Untracked 
| 210|0x000000008d200000, 0x000000008d200000, 0x000000008d300000|  0%| F|  |TAMS 0x000000008d200000, 0x000000008d200000| Untracked 
| 211|0x000000008d300000, 0x000000008d300000, 0x000000008d400000|  0%| F|  |TAMS 0x000000008d300000, 0x000000008d300000| Untracked 
| 212|0x000000008d400000, 0x000000008d400000, 0x000000008d500000|  0%| F|  |TAMS 0x000000008d400000, 0x000000008d400000| Untracked 
| 213|0x000000008d500000, 0x000000008d500000, 0x000000008d600000|  0%| F|  |TAMS 0x000000008d500000, 0x000000008d500000| Untracked 
| 214|0x000000008d600000, 0x000000008d600000, 0x000000008d700000|  0%| F|  |TAMS 0x000000008d600000, 0x000000008d600000| Untracked 
| 215|0x000000008d700000, 0x000000008d700000, 0x000000008d800000|  0%| F|  |TAMS 0x000000008d700000, 0x000000008d700000| Untracked 
| 216|0x000000008d800000, 0x000000008d800000, 0x000000008d900000|  0%| F|  |TAMS 0x000000008d800000, 0x000000008d800000| Untracked 
| 217|0x000000008d900000, 0x000000008d900000, 0x000000008da00000|  0%| F|  |TAMS 0x000000008d900000, 0x000000008d900000| Untracked 
| 218|0x000000008da00000, 0x000000008da00000, 0x000000008db00000|  0%| F|  |TAMS 0x000000008da00000, 0x000000008da00000| Untracked 
| 219|0x000000008db00000, 0x000000008db00000, 0x000000008dc00000|  0%| F|  |TAMS 0x000000008db00000, 0x000000008db00000| Untracked 
| 220|0x000000008dc00000, 0x000000008dc00000, 0x000000008dd00000|  0%| F|  |TAMS 0x000000008dc00000, 0x000000008dc00000| Untracked 
| 221|0x000000008dd00000, 0x000000008dd00000, 0x000000008de00000|  0%| F|  |TAMS 0x000000008dd00000, 0x000000008dd00000| Untracked 
| 222|0x000000008de00000, 0x000000008de00000, 0x000000008df00000|  0%| F|  |TAMS 0x000000008de00000, 0x000000008de00000| Untracked 
| 223|0x000000008df00000, 0x000000008df00000, 0x000000008e000000|  0%| F|  |TAMS 0x000000008df00000, 0x000000008df00000| Untracked 
| 224|0x000000008e000000, 0x000000008e000000, 0x000000008e100000|  0%| F|  |TAMS 0x000000008e000000, 0x000000008e000000| Untracked 
| 225|0x000000008e100000, 0x000000008e100000, 0x000000008e200000|  0%| F|  |TAMS 0x000000008e100000, 0x000000008e100000| Untracked 
| 226|0x000000008e200000, 0x000000008e200000, 0x000000008e300000|  0%| F|  |TAMS 0x000000008e200000, 0x000000008e200000| Untracked 
| 227|0x000000008e300000, 0x000000008e300000, 0x000000008e400000|  0%| F|  |TAMS 0x000000008e300000, 0x000000008e300000| Untracked 
| 228|0x000000008e400000, 0x000000008e400000, 0x000000008e500000|  0%| F|  |TAMS 0x000000008e400000, 0x000000008e400000| Untracked 
| 229|0x000000008e500000, 0x000000008e500000, 0x000000008e600000|  0%| F|  |TAMS 0x000000008e500000, 0x000000008e500000| Untracked 
| 230|0x000000008e600000, 0x000000008e600000, 0x000000008e700000|  0%| F|  |TAMS 0x000000008e600000, 0x000000008e600000| Untracked 
| 231|0x000000008e700000, 0x000000008e700000, 0x000000008e800000|  0%| F|  |TAMS 0x000000008e700000, 0x000000008e700000| Untracked 
| 232|0x000000008e800000, 0x000000008e800000, 0x000000008e900000|  0%| F|  |TAMS 0x000000008e800000, 0x000000008e800000| Untracked 
| 233|0x000000008e900000, 0x000000008e900000, 0x000000008ea00000|  0%| F|  |TAMS 0x000000008e900000, 0x000000008e900000| Untracked 
| 234|0x000000008ea00000, 0x000000008ea00000, 0x000000008eb00000|  0%| F|  |TAMS 0x000000008ea00000, 0x000000008ea00000| Untracked 
| 235|0x000000008eb00000, 0x000000008eb00000, 0x000000008ec00000|  0%| F|  |TAMS 0x000000008eb00000, 0x000000008eb00000| Untracked 
| 236|0x000000008ec00000, 0x000000008ec00000, 0x000000008ed00000|  0%| F|  |TAMS 0x000000008ec00000, 0x000000008ec00000| Untracked 
| 237|0x000000008ed00000, 0x000000008ed00000, 0x000000008ee00000|  0%| F|  |TAMS 0x000000008ed00000, 0x000000008ed00000| Untracked 
| 238|0x000000008ee00000, 0x000000008ee00000, 0x000000008ef00000|  0%| F|  |TAMS 0x000000008ee00000, 0x000000008ee00000| Untracked 
| 239|0x000000008ef00000, 0x000000008ef00000, 0x000000008f000000|  0%| F|  |TAMS 0x000000008ef00000, 0x000000008ef00000| Untracked 
| 240|0x000000008f000000, 0x000000008f000000, 0x000000008f100000|  0%| F|  |TAMS 0x000000008f000000, 0x000000008f000000| Untracked 
| 241|0x000000008f100000, 0x000000008f100000, 0x000000008f200000|  0%| F|  |TAMS 0x000000008f100000, 0x000000008f100000| Untracked 
| 242|0x000000008f200000, 0x000000008f200000, 0x000000008f300000|  0%| F|  |TAMS 0x000000008f200000, 0x000000008f200000| Untracked 
| 243|0x000000008f300000, 0x000000008f300000, 0x000000008f400000|  0%| F|  |TAMS 0x000000008f300000, 0x000000008f300000| Untracked 
| 244|0x000000008f400000, 0x000000008f400000, 0x000000008f500000|  0%| F|  |TAMS 0x000000008f400000, 0x000000008f400000| Untracked 
| 245|0x000000008f500000, 0x000000008f500000, 0x000000008f600000|  0%| F|  |TAMS 0x000000008f500000, 0x000000008f500000| Untracked 
| 246|0x000000008f600000, 0x000000008f600000, 0x000000008f700000|  0%| F|  |TAMS 0x000000008f600000, 0x000000008f600000| Untracked 
| 247|0x000000008f700000, 0x000000008f700000, 0x000000008f800000|  0%| F|  |TAMS 0x000000008f700000, 0x000000008f700000| Untracked 
| 248|0x000000008f800000, 0x000000008f800000, 0x000000008f900000|  0%| F|  |TAMS 0x000000008f800000, 0x000000008f800000| Untracked 
| 249|0x000000008f900000, 0x000000008f900000, 0x000000008fa00000|  0%| F|  |TAMS 0x000000008f900000, 0x000000008f900000| Untracked 
| 250|0x000000008fa00000, 0x000000008fa00000, 0x000000008fb00000|  0%| F|  |TAMS 0x000000008fa00000, 0x000000008fa00000| Untracked 
| 251|0x000000008fb00000, 0x000000008fb00000, 0x000000008fc00000|  0%| F|  |TAMS 0x000000008fb00000, 0x000000008fb00000| Untracked 
| 252|0x000000008fc00000, 0x000000008fc00000, 0x000000008fd00000|  0%| F|  |TAMS 0x000000008fc00000, 0x000000008fc00000| Untracked 
| 253|0x000000008fd00000, 0x000000008fd00000, 0x000000008fe00000|  0%| F|  |TAMS 0x000000008fd00000, 0x000000008fd00000| Untracked 
| 254|0x000000008fe00000, 0x000000008fe00000, 0x000000008ff00000|  0%| F|  |TAMS 0x000000008fe00000, 0x000000008fe00000| Untracked 
| 255|0x000000008ff00000, 0x000000008ff00000, 0x0000000090000000|  0%| F|  |TAMS 0x000000008ff00000, 0x000000008ff00000| Untracked 
| 256|0x0000000090000000, 0x0000000090000000, 0x0000000090100000|  0%| F|  |TAMS 0x0000000090000000, 0x0000000090000000| Untracked 
| 257|0x0000000090100000, 0x0000000090100000, 0x0000000090200000|  0%| F|  |TAMS 0x0000000090100000, 0x0000000090100000| Untracked 
| 258|0x0000000090200000, 0x0000000090200000, 0x0000000090300000|  0%| F|  |TAMS 0x0000000090200000, 0x0000000090200000| Untracked 
| 259|0x0000000090300000, 0x0000000090300000, 0x0000000090400000|  0%| F|  |TAMS 0x0000000090300000, 0x0000000090300000| Untracked 
| 260|0x0000000090400000, 0x0000000090400000, 0x0000000090500000|  0%| F|  |TAMS 0x0000000090400000, 0x0000000090400000| Untracked 
| 261|0x0000000090500000, 0x0000000090500000, 0x0000000090600000|  0%| F|  |TAMS 0x0000000090500000, 0x0000000090500000| Untracked 
| 262|0x0000000090600000, 0x0000000090600000, 0x0000000090700000|  0%| F|  |TAMS 0x0000000090600000, 0x0000000090600000| Untracked 
| 263|0x0000000090700000, 0x0000000090700000, 0x0000000090800000|  0%| F|  |TAMS 0x0000000090700000, 0x0000000090700000| Untracked 
| 264|0x0000000090800000, 0x0000000090800000, 0x0000000090900000|  0%| F|  |TAMS 0x0000000090800000, 0x0000000090800000| Untracked 
| 265|0x0000000090900000, 0x0000000090900000, 0x0000000090a00000|  0%| F|  |TAMS 0x0000000090900000, 0x0000000090900000| Untracked 
| 266|0x0000000090a00000, 0x0000000090a00000, 0x0000000090b00000|  0%| F|  |TAMS 0x0000000090a00000, 0x0000000090a00000| Untracked 
| 267|0x0000000090b00000, 0x0000000090b00000, 0x0000000090c00000|  0%| F|  |TAMS 0x0000000090b00000, 0x0000000090b00000| Untracked 
| 268|0x0000000090c00000, 0x0000000090c00000, 0x0000000090d00000|  0%| F|  |TAMS 0x0000000090c00000, 0x0000000090c00000| Untracked 
| 269|0x0000000090d00000, 0x0000000090d00000, 0x0000000090e00000|  0%| F|  |TAMS 0x0000000090d00000, 0x0000000090d00000| Untracked 
| 270|0x0000000090e00000, 0x0000000090e80800, 0x0000000090f00000| 50%| E|  |TAMS 0x0000000090e00000, 0x0000000090e00000| Complete 
| 271|0x0000000090f00000, 0x0000000091000000, 0x0000000091000000|100%| E|CS|TAMS 0x0000000090f00000, 0x0000000090f00000| Complete 
| 272|0x0000000091000000, 0x0000000091100000, 0x0000000091100000|100%| E|CS|TAMS 0x0000000091000000, 0x0000000091000000| Complete 
| 273|0x0000000091100000, 0x0000000091200000, 0x0000000091200000|100%| E|CS|TAMS 0x0000000091100000, 0x0000000091100000| Complete 
| 274|0x0000000091200000, 0x0000000091300000, 0x0000000091300000|100%| E|CS|TAMS 0x0000000091200000, 0x0000000091200000| Complete 
| 275|0x0000000091300000, 0x0000000091400000, 0x0000000091400000|100%| E|CS|TAMS 0x0000000091300000, 0x0000000091300000| Complete 
| 276|0x0000000091400000, 0x0000000091500000, 0x0000000091500000|100%| E|CS|TAMS 0x0000000091400000, 0x0000000091400000| Complete 
| 277|0x0000000091500000, 0x0000000091600000, 0x0000000091600000|100%| E|CS|TAMS 0x0000000091500000, 0x0000000091500000| Complete 
| 278|0x0000000091600000, 0x0000000091700000, 0x0000000091700000|100%| E|CS|TAMS 0x0000000091600000, 0x0000000091600000| Complete 
| 279|0x0000000091700000, 0x0000000091800000, 0x0000000091800000|100%| E|CS|TAMS 0x0000000091700000, 0x0000000091700000| Complete 
| 280|0x0000000091800000, 0x0000000091900000, 0x0000000091900000|100%| E|  |TAMS 0x0000000091800000, 0x0000000091800000| Complete 
| 281|0x0000000091900000, 0x0000000091a00000, 0x0000000091a00000|100%| E|CS|TAMS 0x0000000091900000, 0x0000000091900000| Complete 
| 282|0x0000000091a00000, 0x0000000091b00000, 0x0000000091b00000|100%| E|CS|TAMS 0x0000000091a00000, 0x0000000091a00000| Complete 
| 283|0x0000000091b00000, 0x0000000091c00000, 0x0000000091c00000|100%| E|CS|TAMS 0x0000000091b00000, 0x0000000091b00000| Complete 
| 284|0x0000000091c00000, 0x0000000091d00000, 0x0000000091d00000|100%| E|CS|TAMS 0x0000000091c00000, 0x0000000091c00000| Complete 
| 285|0x0000000091d00000, 0x0000000091e00000, 0x0000000091e00000|100%| E|CS|TAMS 0x0000000091d00000, 0x0000000091d00000| Complete 
| 286|0x0000000091e00000, 0x0000000091f00000, 0x0000000091f00000|100%| E|CS|TAMS 0x0000000091e00000, 0x0000000091e00000| Complete 
| 287|0x0000000091f00000, 0x0000000092000000, 0x0000000092000000|100%| E|CS|TAMS 0x0000000091f00000, 0x0000000091f00000| Complete 
| 288|0x0000000092000000, 0x0000000092100000, 0x0000000092100000|100%| E|CS|TAMS 0x0000000092000000, 0x0000000092000000| Complete 
| 289|0x0000000092100000, 0x0000000092200000, 0x0000000092200000|100%| E|CS|TAMS 0x0000000092100000, 0x0000000092100000| Complete 
| 290|0x0000000092200000, 0x0000000092300000, 0x0000000092300000|100%| E|CS|TAMS 0x0000000092200000, 0x0000000092200000| Complete 
| 291|0x0000000092300000, 0x0000000092400000, 0x0000000092400000|100%| E|CS|TAMS 0x0000000092300000, 0x0000000092300000| Complete 
| 292|0x0000000092400000, 0x0000000092500000, 0x0000000092500000|100%| E|CS|TAMS 0x0000000092400000, 0x0000000092400000| Complete 
| 293|0x0000000092500000, 0x0000000092600000, 0x0000000092600000|100%| E|CS|TAMS 0x0000000092500000, 0x0000000092500000| Complete 
| 294|0x0000000092600000, 0x0000000092700000, 0x0000000092700000|100%| E|CS|TAMS 0x0000000092600000, 0x0000000092600000| Complete 
| 295|0x0000000092700000, 0x0000000092800000, 0x0000000092800000|100%| E|CS|TAMS 0x0000000092700000, 0x0000000092700000| Complete 
| 296|0x0000000092800000, 0x0000000092900000, 0x0000000092900000|100%| E|CS|TAMS 0x0000000092800000, 0x0000000092800000| Complete 
| 297|0x0000000092900000, 0x0000000092a00000, 0x0000000092a00000|100%| E|CS|TAMS 0x0000000092900000, 0x0000000092900000| Complete 
| 298|0x0000000092a00000, 0x0000000092b00000, 0x0000000092b00000|100%| E|CS|TAMS 0x0000000092a00000, 0x0000000092a00000| Complete 
| 299|0x0000000092b00000, 0x0000000092c00000, 0x0000000092c00000|100%| E|CS|TAMS 0x0000000092b00000, 0x0000000092b00000| Complete 
| 300|0x0000000092c00000, 0x0000000092d00000, 0x0000000092d00000|100%| E|CS|TAMS 0x0000000092c00000, 0x0000000092c00000| Complete 
| 301|0x0000000092d00000, 0x0000000092e00000, 0x0000000092e00000|100%| E|CS|TAMS 0x0000000092d00000, 0x0000000092d00000| Complete 
| 302|0x0000000092e00000, 0x0000000092f00000, 0x0000000092f00000|100%| E|CS|TAMS 0x0000000092e00000, 0x0000000092e00000| Complete 
| 303|0x0000000092f00000, 0x0000000093000000, 0x0000000093000000|100%| E|CS|TAMS 0x0000000092f00000, 0x0000000092f00000| Complete 
| 304|0x0000000093000000, 0x0000000093100000, 0x0000000093100000|100%| E|CS|TAMS 0x0000000093000000, 0x0000000093000000| Complete 
| 305|0x0000000093100000, 0x0000000093129bc0, 0x0000000093200000| 16%| S|CS|TAMS 0x0000000093100000, 0x0000000093100000| Complete 
| 306|0x0000000093200000, 0x0000000093300000, 0x0000000093300000|100%| S|CS|TAMS 0x0000000093200000, 0x0000000093200000| Complete 
| 307|0x0000000093300000, 0x0000000093400000, 0x0000000093400000|100%| E|CS|TAMS 0x0000000093300000, 0x0000000093300000| Complete 
| 308|0x0000000093400000, 0x0000000093500000, 0x0000000093500000|100%| E|CS|TAMS 0x0000000093400000, 0x0000000093400000| Complete 
| 309|0x0000000093500000, 0x0000000093600000, 0x0000000093600000|100%| S|CS|TAMS 0x0000000093500000, 0x0000000093500000| Complete 
| 310|0x0000000093600000, 0x0000000093700000, 0x0000000093700000|100%| S|CS|TAMS 0x0000000093600000, 0x0000000093600000| Complete 
| 311|0x0000000093700000, 0x0000000093800000, 0x0000000093800000|100%| S|CS|TAMS 0x0000000093700000, 0x0000000093700000| Complete 
| 312|0x0000000093800000, 0x0000000093900000, 0x0000000093900000|100%| E|CS|TAMS 0x0000000093800000, 0x0000000093800000| Complete 
| 313|0x0000000093900000, 0x0000000093a00000, 0x0000000093a00000|100%| E|CS|TAMS 0x0000000093900000, 0x0000000093900000| Complete 
| 314|0x0000000093a00000, 0x0000000093b00000, 0x0000000093b00000|100%| E|CS|TAMS 0x0000000093a00000, 0x0000000093a00000| Complete 
| 315|0x0000000093b00000, 0x0000000093c00000, 0x0000000093c00000|100%| E|CS|TAMS 0x0000000093b00000, 0x0000000093b00000| Complete 
| 316|0x0000000093c00000, 0x0000000093d00000, 0x0000000093d00000|100%| E|CS|TAMS 0x0000000093c00000, 0x0000000093c00000| Complete 
| 317|0x0000000093d00000, 0x0000000093e00000, 0x0000000093e00000|100%| E|CS|TAMS 0x0000000093d00000, 0x0000000093d00000| Complete 
| 318|0x0000000093e00000, 0x0000000093f00000, 0x0000000093f00000|100%| E|CS|TAMS 0x0000000093e00000, 0x0000000093e00000| Complete 
| 319|0x0000000093f00000, 0x0000000094000000, 0x0000000094000000|100%| E|CS|TAMS 0x0000000093f00000, 0x0000000093f00000| Complete 
| 320|0x0000000094000000, 0x0000000094100000, 0x0000000094100000|100%| E|CS|TAMS 0x0000000094000000, 0x0000000094000000| Complete 

Card table byte_map: [0x00000253c7630000,0x00000253c7a30000] _byte_map_base: 0x00000253c7230000

Marking Bits (Prev, Next): (CMBitMap*) 0x00000253b44504f0, (CMBitMap*) 0x00000253b44504b8
 Prev Bits: [0x00000253c9e30000, 0x00000253cbe30000)
 Next Bits: [0x00000253c7e30000, 0x00000253c9e30000)

Polling page: 0x00000253b2380000

Metaspace:

Usage:
  Non-class:    120.94 MB capacity,   118.17 MB ( 98%) used,     2.30 MB (  2%) free+waste,   480.19 KB ( <1%) overhead. 
      Class:     18.44 MB capacity,    16.88 MB ( 92%) used,     1.35 MB (  7%) free+waste,   214.19 KB (  1%) overhead. 
       Both:    139.38 MB capacity,   135.05 MB ( 97%) used,     3.65 MB (  3%) free+waste,   694.38 KB ( <1%) overhead. 

Virtual space:
  Non-class space:      122.00 MB reserved,     120.97 MB (>99%) committed 
      Class space:        1.00 GB reserved,      18.52 MB (  2%) committed 
             Both:        1.12 GB reserved,     139.49 MB ( 12%) committed 

Chunk freelists:
   Non-Class:  30.00 KB
       Class:  0 bytes
        Both:  30.00 KB

MaxMetaspaceSize: 17179869184.00 GB
CompressedClassSpaceSize: 1.00 GB

CodeHeap 'non-profiled nmethods': size=120000Kb used=16976Kb max_used=16976Kb free=103023Kb
 bounds [0x00000253bf9d0000, 0x00000253c0a70000, 0x00000253c6f00000]
CodeHeap 'profiled nmethods': size=120000Kb used=50279Kb max_used=50279Kb free=69720Kb
 bounds [0x00000253b84a0000, 0x00000253bb5e0000, 0x00000253bf9d0000]
CodeHeap 'non-nmethods': size=5760Kb used=2379Kb max_used=2438Kb free=3380Kb
 bounds [0x00000253b7f00000, 0x00000253b8170000, 0x00000253b84a0000]
 total_blobs=23276 nmethods=22267 adapters=918
 compilation: enabled
              stopped_count=0, restarted_count=0
 full_count=0

Compilation events (20 events):
Event: 422.522 Thread 0x00000253ce898800 25523       3       com.google.common.collect.Sets$SetView::<init> (5 bytes)
Event: 422.522 Thread 0x00000253ce898800 nmethod 25523 0x00000253bb5d3490 code [0x00000253bb5d3660, 0x00000253bb5d38d8]
Event: 422.522 Thread 0x00000253ce898800 25524       3       com.google.common.collect.Sets$SetView::<init> (5 bytes)
Event: 422.522 Thread 0x00000253ce898800 nmethod 25524 0x00000253bb5d3a10 code [0x00000253bb5d3be0, 0x00000253bb5d3df8]
Event: 422.522 Thread 0x00000253ce898800 25525       3       com.android.build.api.component.impl.AndroidTestImpl_Decorated::getName (40 bytes)
Event: 422.523 Thread 0x00000253ce898800 nmethod 25525 0x00000253bb5d3f10 code [0x00000253bb5d4160, 0x00000253bb5d4a48]
Event: 422.523 Thread 0x00000253ce898800 25520       1       com.android.build.gradle.internal.variant.BaseVariantData::getAllPostJavacGeneratedBytecode (5 bytes)
Event: 422.523 Thread 0x00000253ce898800 nmethod 25520 0x00000253c0a66d10 code [0x00000253c0a66ec0, 0x00000253c0a66f78]
Event: 422.523 Thread 0x00000253ce898800 25528       3       com.android.build.api.component.impl.UnitTestImpl_Decorated::getName (40 bytes)
Event: 422.524 Thread 0x00000253ce898800 nmethod 25528 0x00000253bb5d4d10 code [0x00000253bb5d4f60, 0x00000253bb5d5848]
Event: 422.527 Thread 0x00000253ce898800 25530       3       com.android.build.gradle.internal.dependency.AarTransform$Parameters_Decorated::getProjectName (34 bytes)
Event: 422.528 Thread 0x00000253ce898800 nmethod 25530 0x00000253bb5d5b10 code [0x00000253bb5d5d40, 0x00000253bb5d6558]
Event: 422.528 Thread 0x00000253ce898800 25531       3       com.android.build.gradle.internal.dependency.AarTransform$Parameters_Decorated::getTargetType (34 bytes)
Event: 422.529 Thread 0x00000253ce898800 nmethod 25531 0x00000253bb5d6790 code [0x00000253bb5d69c0, 0x00000253bb5d71d8]
Event: 422.529 Thread 0x00000253ce898800 25532       3       com.android.build.api.variant.impl.ApplicationVariantImpl_Decorated::getDebuggable (46 bytes)
Event: 422.530 Thread 0x00000253ce898800 nmethod 25532 0x00000253bb5d7410 code [0x00000253bb5d76a0, 0x00000253bb5d8368]
Event: 422.530 Thread 0x00000253ce898800 25534       3       com.android.build.api.component.impl.ComponentImpl::getDependenciesClassesAreInstrumented (72 bytes)
Event: 422.530 Thread 0x00000253ce898800 nmethod 25534 0x00000253bb5d8790 code [0x00000253bb5d89c0, 0x00000253bb5d9338]
Event: 422.530 Thread 0x00000253ce898800 25533       3       com.android.build.api.variant.impl.ApplicationVariantImpl::getDebuggable (8 bytes)
Event: 422.530 Thread 0x00000253ce898800 nmethod 25533 0x00000253bb5d9510 code [0x00000253bb5d96e0, 0x00000253bb5d9a08]

GC Heap History (20 events):
Event: 392.233 GC heap before
{Heap before GC invocations=98 (full 0):
 garbage-first heap   total 227328K, used 163900K [0x0000000080000000, 0x0000000100000000)
  region size 1024K, 11 young (11264K), 3 survivors (3072K)
 Metaspace       used 133989K, capacity 138297K, committed 138360K, reserved 1169408K
  class space    used 16964K, capacity 18541K, committed 18584K, reserved 1048576K
}
Event: 392.249 GC heap after
{Heap after GC invocations=99 (full 0):
 garbage-first heap   total 273408K, used 154447K [0x0000000080000000, 0x0000000100000000)
  region size 1024K, 1 young (1024K), 1 survivors (1024K)
 Metaspace       used 133989K, capacity 138297K, committed 138360K, reserved 1169408K
  class space    used 16964K, capacity 18541K, committed 18584K, reserved 1048576K
}
Event: 392.516 GC heap before
{Heap before GC invocations=99 (full 0):
 garbage-first heap   total 273408K, used 198479K [0x0000000080000000, 0x0000000100000000)
  region size 1024K, 44 young (45056K), 1 survivors (1024K)
 Metaspace       used 134003K, capacity 138297K, committed 138360K, reserved 1169408K
  class space    used 16964K, capacity 18541K, committed 18584K, reserved 1048576K
}
Event: 392.521 GC heap after
{Heap after GC invocations=100 (full 0):
 garbage-first heap   total 273408K, used 154123K [0x0000000080000000, 0x0000000100000000)
  region size 1024K, 1 young (1024K), 1 survivors (1024K)
 Metaspace       used 134003K, capacity 138297K, committed 138360K, reserved 1169408K
  class space    used 16964K, capacity 18541K, committed 18584K, reserved 1048576K
}
Event: 393.224 GC heap before
{Heap before GC invocations=101 (full 0):
 garbage-first heap   total 273408K, used 217611K [0x0000000080000000, 0x0000000100000000)
  region size 1024K, 49 young (50176K), 1 survivors (1024K)
 Metaspace       used 136458K, capacity 140762K, committed 141176K, reserved 1171456K
  class space    used 17149K, capacity 18711K, committed 18840K, reserved 1048576K
}
Event: 393.233 GC heap after
{Heap after GC invocations=102 (full 0):
 garbage-first heap   total 273408K, used 158834K [0x0000000080000000, 0x0000000100000000)
  region size 1024K, 5 young (5120K), 5 survivors (5120K)
 Metaspace       used 136458K, capacity 140762K, committed 141176K, reserved 1171456K
  class space    used 17149K, capacity 18711K, committed 18840K, reserved 1048576K
}
Event: 393.668 GC heap before
{Heap before GC invocations=102 (full 0):
 garbage-first heap   total 273408K, used 209010K [0x0000000080000000, 0x0000000100000000)
  region size 1024K, 55 young (56320K), 5 survivors (5120K)
 Metaspace       used 136974K, capacity 141329K, committed 141688K, reserved 1171456K
  class space    used 17187K, capacity 18749K, committed 18840K, reserved 1048576K
}
Event: 393.685 GC heap after
{Heap after GC invocations=103 (full 0):
 garbage-first heap   total 273408K, used 159376K [0x0000000080000000, 0x0000000100000000)
  region size 1024K, 3 young (3072K), 3 survivors (3072K)
 Metaspace       used 136974K, capacity 141329K, committed 141688K, reserved 1171456K
  class space    used 17187K, capacity 18749K, committed 18840K, reserved 1048576K
}
Event: 394.319 GC heap before
{Heap before GC invocations=104 (full 0):
 garbage-first heap   total 273408K, used 197264K [0x0000000080000000, 0x0000000100000000)
  region size 1024K, 55 young (56320K), 3 survivors (3072K)
 Metaspace       used 137830K, capacity 142160K, committed 142328K, reserved 1173504K
  class space    used 17260K, capacity 18831K, committed 18968K, reserved 1048576K
}
Event: 394.329 GC heap after
{Heap after GC invocations=105 (full 0):
 garbage-first heap   total 273408K, used 149982K [0x0000000080000000, 0x0000000100000000)
  region size 1024K, 7 young (7168K), 7 survivors (7168K)
 Metaspace       used 137830K, capacity 142160K, committed 142328K, reserved 1173504K
  class space    used 17260K, capacity 18831K, committed 18968K, reserved 1048576K
}
Event: 394.389 GC heap before
{Heap before GC invocations=105 (full 0):
 garbage-first heap   total 273408K, used 155102K [0x0000000080000000, 0x0000000100000000)
  region size 1024K, 13 young (13312K), 7 survivors (7168K)
 Metaspace       used 137911K, capacity 142274K, committed 142584K, reserved 1173504K
  class space    used 17272K, capacity 18869K, committed 18968K, reserved 1048576K
}
Event: 394.405 GC heap after
{Heap after GC invocations=106 (full 0):
 garbage-first heap   total 328704K, used 134177K [0x0000000080000000, 0x0000000100000000)
  region size 1024K, 1 young (1024K), 1 survivors (1024K)
 Metaspace       used 137911K, capacity 142274K, committed 142584K, reserved 1173504K
  class space    used 17272K, capacity 18869K, committed 18968K, reserved 1048576K
}
Event: 396.891 GC heap before
{Heap before GC invocations=106 (full 0):
 garbage-first heap   total 328704K, used 202785K [0x0000000080000000, 0x0000000100000000)
  region size 1024K, 70 young (71680K), 1 survivors (1024K)
 Metaspace       used 138019K, capacity 142435K, committed 142584K, reserved 1173504K
  class space    used 17285K, capacity 18878K, committed 18968K, reserved 1048576K
}
Event: 396.901 GC heap after
{Heap after GC invocations=107 (full 0):
 garbage-first heap   total 328704K, used 136486K [0x0000000080000000, 0x0000000100000000)
  region size 1024K, 4 young (4096K), 4 survivors (4096K)
 Metaspace       used 138019K, capacity 142435K, committed 142584K, reserved 1173504K
  class space    used 17285K, capacity 18878K, committed 18968K, reserved 1048576K
}
Event: 398.228 GC heap before
{Heap before GC invocations=108 (full 0):
 garbage-first heap   total 328704K, used 240934K [0x0000000080000000, 0x0000000100000000)
  region size 1024K, 101 young (103424K), 4 survivors (4096K)
 Metaspace       used 138201K, capacity 142640K, committed 142840K, reserved 1173504K
  class space    used 17286K, capacity 18878K, committed 18968K, reserved 1048576K
}
Event: 398.232 GC heap after
{Heap after GC invocations=109 (full 0):
 garbage-first heap   total 328704K, used 138392K [0x0000000080000000, 0x0000000100000000)
  region size 1024K, 4 young (4096K), 4 survivors (4096K)
 Metaspace       used 138201K, capacity 142640K, committed 142840K, reserved 1173504K
  class space    used 17286K, capacity 18878K, committed 18968K, reserved 1048576K
}
Event: 398.274 GC heap before
{Heap before GC invocations=109 (full 0):
 garbage-first heap   total 328704K, used 149656K [0x0000000080000000, 0x0000000100000000)
  region size 1024K, 16 young (16384K), 4 survivors (4096K)
 Metaspace       used 138206K, capacity 142640K, committed 142840K, reserved 1173504K
  class space    used 17286K, capacity 18878K, committed 18968K, reserved 1048576K
}
Event: 398.282 GC heap after
{Heap after GC invocations=110 (full 0):
 garbage-first heap   total 328704K, used 137360K [0x0000000080000000, 0x0000000100000000)
  region size 1024K, 2 young (2048K), 2 survivors (2048K)
 Metaspace       used 138206K, capacity 142640K, committed 142840K, reserved 1173504K
  class space    used 17286K, capacity 18878K, committed 18968K, reserved 1048576K
}
Event: 398.380 GC heap before
{Heap before GC invocations=110 (full 0):
 garbage-first heap   total 328704K, used 144528K [0x0000000080000000, 0x0000000100000000)
  region size 1024K, 11 young (11264K), 2 survivors (2048K)
 Metaspace       used 138211K, capacity 142641K, committed 142840K, reserved 1173504K
  class space    used 17286K, capacity 18878K, committed 18968K, reserved 1048576K
}
Event: 398.388 GC heap after
{Heap after GC invocations=111 (full 0):
 garbage-first heap   total 328704K, used 139575K [0x0000000080000000, 0x0000000100000000)
  region size 1024K, 5 young (5120K), 5 survivors (5120K)
 Metaspace       used 138211K, capacity 142641K, committed 142840K, reserved 1173504K
  class space    used 17286K, capacity 18878K, committed 18968K, reserved 1048576K
}

Deoptimization events (20 events):
Event: 398.222 Thread 0x00000253d4de7800 DEOPT PACKING pc=0x00000253bb435efd sp=0x0000006abc2fb270
Event: 398.222 Thread 0x00000253d4de7800 DEOPT UNPACKING pc=0x00000253b7f276ce sp=0x0000006abc2fa738 mode 0
Event: 398.301 Thread 0x00000253d4ea4000 DEOPT PACKING pc=0x00000253baea7e83 sp=0x0000006ac06fd1c0
Event: 398.302 Thread 0x00000253d4ea4000 DEOPT UNPACKING pc=0x00000253b7f276ce sp=0x0000006ac06fc678 mode 0
Event: 398.308 Thread 0x00000253d4ea4000 DEOPT PACKING pc=0x00000253baea7e83 sp=0x0000006ac06fd140
Event: 398.308 Thread 0x00000253d4ea4000 DEOPT UNPACKING pc=0x00000253b7f276ce sp=0x0000006ac06fc5f8 mode 0
Event: 398.314 Thread 0x00000253d4ea4000 DEOPT PACKING pc=0x00000253baea7e83 sp=0x0000006ac06fd1c0
Event: 398.314 Thread 0x00000253d4ea4000 DEOPT UNPACKING pc=0x00000253b7f276ce sp=0x0000006ac06fc678 mode 0
Event: 398.322 Thread 0x00000253d4ea4000 DEOPT PACKING pc=0x00000253b9ff6120 sp=0x0000006ac06fc680
Event: 398.322 Thread 0x00000253d4ea4000 DEOPT UNPACKING pc=0x00000253b7f276ce sp=0x0000006ac06fbb38 mode 0
Event: 398.331 Thread 0x00000253d4ea4000 DEOPT PACKING pc=0x00000253b9ff6120 sp=0x0000006ac06fc780
Event: 398.332 Thread 0x00000253d4ea4000 DEOPT UNPACKING pc=0x00000253b7f276ce sp=0x0000006ac06fbc38 mode 0
Event: 398.364 Thread 0x00000253d4ea4000 DEOPT PACKING pc=0x00000253bb5711db sp=0x0000006ac06fc7b0
Event: 398.364 Thread 0x00000253d4ea4000 DEOPT UNPACKING pc=0x00000253b7f276ce sp=0x0000006ac06fbc90 mode 0
Event: 398.366 Thread 0x00000253d4ea4000 DEOPT PACKING pc=0x00000253bb5711db sp=0x0000006ac06fc7b0
Event: 398.366 Thread 0x00000253d4ea4000 DEOPT UNPACKING pc=0x00000253b7f276ce sp=0x0000006ac06fbc90 mode 0
Event: 398.392 Thread 0x00000253d4ea4000 DEOPT PACKING pc=0x00000253bb5711db sp=0x0000006ac06fc610
Event: 398.392 Thread 0x00000253d4ea4000 DEOPT UNPACKING pc=0x00000253b7f276ce sp=0x0000006ac06fbaf0 mode 0
Event: 398.394 Thread 0x00000253d4ea4000 DEOPT PACKING pc=0x00000253bb5711db sp=0x0000006ac06fc610
Event: 398.394 Thread 0x00000253d4ea4000 DEOPT UNPACKING pc=0x00000253b7f276ce sp=0x0000006ac06fbaf0 mode 0

Classes redefined (0 events):
No events

Internal exceptions (20 events):
Event: 396.886 Thread 0x00000253d4de9000 Exception <a 'sun/nio/fs/WindowsException'{0x000000008fba5a90}> (0x000000008fba5a90) thrown at [./src/hotspot/share/prims/jni.cpp, line 615]
Event: 396.886 Thread 0x00000253d4de9000 Exception <a 'sun/nio/fs/WindowsException'{0x000000008fba5b98}> (0x000000008fba5b98) thrown at [./src/hotspot/share/prims/jni.cpp, line 615]
Event: 397.870 Thread 0x00000253d4de9000 Exception <a 'sun/nio/fs/WindowsException'{0x0000000092727330}> (0x0000000092727330) thrown at [./src/hotspot/share/prims/jni.cpp, line 615]
Event: 397.870 Thread 0x00000253d4de9000 Exception <a 'sun/nio/fs/WindowsException'{0x0000000092727c78}> (0x0000000092727c78) thrown at [./src/hotspot/share/prims/jni.cpp, line 615]
Event: 397.871 Thread 0x00000253d4de9000 Exception <a 'sun/nio/fs/WindowsException'{0x0000000092729980}> (0x0000000092729980) thrown at [./src/hotspot/share/prims/jni.cpp, line 615]
Event: 397.871 Thread 0x00000253d4de9000 Exception <a 'sun/nio/fs/WindowsException'{0x000000009272b1d8}> (0x000000009272b1d8) thrown at [./src/hotspot/share/prims/jni.cpp, line 615]
Event: 397.871 Thread 0x00000253d4de9000 Exception <a 'sun/nio/fs/WindowsException'{0x000000009272cbf8}> (0x000000009272cbf8) thrown at [./src/hotspot/share/prims/jni.cpp, line 615]
Event: 397.871 Thread 0x00000253d4de9000 Exception <a 'sun/nio/fs/WindowsException'{0x000000009272cd60}> (0x000000009272cd60) thrown at [./src/hotspot/share/prims/jni.cpp, line 615]
Event: 397.871 Thread 0x00000253d4de9000 Exception <a 'sun/nio/fs/WindowsException'{0x000000009272ff70}> (0x000000009272ff70) thrown at [./src/hotspot/share/prims/jni.cpp, line 615]
Event: 397.871 Thread 0x00000253d4de9000 Exception <a 'sun/nio/fs/WindowsException'{0x00000000927300c0}> (0x00000000927300c0) thrown at [./src/hotspot/share/prims/jni.cpp, line 615]
Event: 397.871 Thread 0x00000253d4de9000 Exception <a 'sun/nio/fs/WindowsException'{0x00000000927332b8}> (0x00000000927332b8) thrown at [./src/hotspot/share/prims/jni.cpp, line 615]
Event: 397.876 Thread 0x00000253d4de9000 Exception <a 'sun/nio/fs/WindowsException'{0x0000000092746518}> (0x0000000092746518) thrown at [./src/hotspot/share/prims/jni.cpp, line 615]
Event: 397.931 Thread 0x00000253d4de9000 Exception <a 'sun/nio/fs/WindowsException'{0x0000000092334a48}> (0x0000000092334a48) thrown at [./src/hotspot/share/prims/jni.cpp, line 615]
Event: 397.936 Thread 0x00000253d4ea0000 Exception <a 'sun/nio/fs/WindowsException'{0x00000000921034f8}> (0x00000000921034f8) thrown at [./src/hotspot/share/prims/jni.cpp, line 615]
Event: 397.951 Thread 0x00000253d4ea0000 Exception <a 'sun/nio/fs/WindowsException'{0x0000000091686718}> (0x0000000091686718) thrown at [./src/hotspot/share/prims/jni.cpp, line 615]
Event: 398.245 Thread 0x00000253d5cf4800 Exception <a 'sun/nio/fs/WindowsException'{0x0000000094044750}> (0x0000000094044750) thrown at [./src/hotspot/share/prims/jni.cpp, line 615]
Event: 398.248 Thread 0x00000253d4ea4000 Exception <a 'sun/nio/fs/WindowsException'{0x0000000093e6a758}> (0x0000000093e6a758) thrown at [./src/hotspot/share/prims/jni.cpp, line 615]
Event: 398.250 Thread 0x00000253d5cf4800 Exception <a 'sun/nio/fs/WindowsException'{0x0000000093eb6b40}> (0x0000000093eb6b40) thrown at [./src/hotspot/share/prims/jni.cpp, line 615]
Event: 398.409 Thread 0x00000253d4ea4000 Exception <a 'sun/nio/fs/WindowsException'{0x00000000940b2410}> (0x00000000940b2410) thrown at [./src/hotspot/share/prims/jni.cpp, line 615]
Event: 422.467 Thread 0x00000253d4de9000 Exception <a 'sun/nio/fs/WindowsException'{0x0000000091381258}> (0x0000000091381258) thrown at [./src/hotspot/share/prims/jni.cpp, line 615]

Events (20 events):
Event: 421.949 Thread 0x00000253d4ea3800 Thread added: 0x00000253d4ea3800
Event: 421.951 Executing VM operation: RevokeBias
Event: 421.968 Executing VM operation: RevokeBias done
Event: 421.977 Thread 0x00000253d4ea0000 Thread added: 0x00000253d4ea0000
Event: 421.980 Thread 0x00000253d4ea1000 Thread added: 0x00000253d4ea1000
Event: 421.984 Thread 0x00000253d7ed5000 Thread added: 0x00000253d7ed5000
Event: 422.047 Thread 0x00000253d7ed0800 Thread added: 0x00000253d7ed0800
Event: 422.109 Thread 0x00000253d7ed2800 Thread added: 0x00000253d7ed2800
Event: 422.227 Thread 0x00000253d7ed3000 Thread added: 0x00000253d7ed3000
Event: 422.326 Thread 0x00000253d7ed0000 Thread added: 0x00000253d7ed0000
Event: 422.356 Thread 0x00000253d7ecf000 Thread added: 0x00000253d7ecf000
Event: 422.360 Thread 0x00000253d7eda800 Thread added: 0x00000253d7eda800
Event: 422.360 Thread 0x00000253d7ed7800 Thread added: 0x00000253d7ed7800
Event: 422.361 Thread 0x00000253d7edb800 Thread added: 0x00000253d7edb800
Event: 422.361 Thread 0x00000253d7ed8000 Thread added: 0x00000253d7ed8000
Event: 422.361 Thread 0x00000253d7ed9000 Thread added: 0x00000253d7ed9000
Event: 422.361 Thread 0x00000253d7ed5800 Thread added: 0x00000253d7ed5800
Event: 422.361 Thread 0x00000253d7edc000 Thread added: 0x00000253d7edc000
Event: 422.362 Executing VM operation: RevokeBias
Event: 422.379 Executing VM operation: RevokeBias done


Dynamic libraries:
0x00007ff6b0770000 - 0x00007ff6b077a000 	C:\Program Files\Android\Android Studio\jre\bin\java.exe
0x00007fff51150000 - 0x00007fff51345000 	C:\WINDOWS\SYSTEM32\ntdll.dll
0x00007fff4fbc0000 - 0x00007fff4fc7e000 	C:\WINDOWS\System32\KERNEL32.DLL
0x00007fff4e870000 - 0x00007fff4eb38000 	C:\WINDOWS\System32\KERNELBASE.dll
0x00007fff4ee40000 - 0x00007fff4ef40000 	C:\WINDOWS\System32\ucrtbase.dll
0x00007fff484f0000 - 0x00007fff48507000 	C:\Program Files\Android\Android Studio\jre\bin\VCRUNTIME140.dll
0x00007fff452e0000 - 0x00007fff452f9000 	C:\Program Files\Android\Android Studio\jre\bin\jli.dll
0x00007fff4f1a0000 - 0x00007fff4f341000 	C:\WINDOWS\System32\USER32.dll
0x00007fff4ec80000 - 0x00007fff4eca2000 	C:\WINDOWS\System32\win32u.dll
0x00007fff3bcf0000 - 0x00007fff3bf8a000 	C:\WINDOWS\WinSxS\amd64_microsoft.windows.common-controls_6595b64144ccf1df_6.0.19041.1110_none_60b5254171f9507e\COMCTL32.dll
0x00007fff4ff40000 - 0x00007fff4ff6b000 	C:\WINDOWS\System32\GDI32.dll
0x00007fff4fc80000 - 0x00007fff4fd1e000 	C:\WINDOWS\System32\msvcrt.dll
0x00007fff4f090000 - 0x00007fff4f19b000 	C:\WINDOWS\System32\gdi32full.dll
0x00007fff4ef40000 - 0x00007fff4efdd000 	C:\WINDOWS\System32\msvcp_win.dll
0x00007fff50ed0000 - 0x00007fff50f00000 	C:\WINDOWS\System32\IMM32.DLL
0x00007fff14930000 - 0x00007fff149cd000 	C:\Program Files\Android\Android Studio\jre\bin\msvcp140.dll
0x00007ffef7810000 - 0x00007ffef82df000 	C:\Program Files\Android\Android Studio\jre\bin\server\jvm.dll
0x00007fff507b0000 - 0x00007fff5085c000 	C:\WINDOWS\System32\ADVAPI32.dll
0x00007fff504c0000 - 0x00007fff5055b000 	C:\WINDOWS\System32\sechost.dll
0x00007fff50680000 - 0x00007fff507aa000 	C:\WINDOWS\System32\RPCRT4.dll
0x00007fff50400000 - 0x00007fff50408000 	C:\WINDOWS\System32\PSAPI.DLL
0x00007fff49c60000 - 0x00007fff49c69000 	C:\WINDOWS\SYSTEM32\WSOCK32.dll
0x00007fff4fdf0000 - 0x00007fff4fe5b000 	C:\WINDOWS\System32\WS2_32.dll
0x00007fff37990000 - 0x00007fff379b7000 	C:\WINDOWS\SYSTEM32\WINMM.dll
0x00007fff49450000 - 0x00007fff4945a000 	C:\WINDOWS\SYSTEM32\VERSION.dll
0x00007fff4c770000 - 0x00007fff4c782000 	C:\WINDOWS\SYSTEM32\kernel.appcore.dll
0x00007fff49c20000 - 0x00007fff49c31000 	C:\Program Files\Android\Android Studio\jre\bin\verify.dll
0x00007fff4be50000 - 0x00007fff4c034000 	C:\WINDOWS\SYSTEM32\DBGHELP.DLL
0x00007fff45ff0000 - 0x00007fff4601c000 	C:\WINDOWS\SYSTEM32\dbgcore.DLL
0x00007fff4ebf0000 - 0x00007fff4ec73000 	C:\WINDOWS\System32\bcryptPrimitives.dll
0x00007fff48540000 - 0x00007fff48569000 	C:\Program Files\Android\Android Studio\jre\bin\java.dll
0x00007fff49490000 - 0x00007fff4949b000 	C:\Program Files\Android\Android Studio\jre\bin\jimage.dll
0x00007fff48520000 - 0x00007fff48538000 	C:\Program Files\Android\Android Studio\jre\bin\zip.dll
0x00007fff4f350000 - 0x00007fff4fa8f000 	C:\WINDOWS\System32\SHELL32.dll
0x00007fff4c970000 - 0x00007fff4d100000 	C:\WINDOWS\SYSTEM32\windows.storage.dll
0x00007fff50030000 - 0x00007fff50385000 	C:\WINDOWS\System32\combase.dll
0x00007fff4e2c0000 - 0x00007fff4e2ee000 	C:\WINDOWS\SYSTEM32\Wldp.dll
0x00007fff50d40000 - 0x00007fff50ded000 	C:\WINDOWS\System32\SHCORE.dll
0x00007fff4fee0000 - 0x00007fff4ff35000 	C:\WINDOWS\System32\shlwapi.dll
0x00007fff4e7b0000 - 0x00007fff4e7cf000 	C:\WINDOWS\SYSTEM32\profapi.dll
0x00007fff484d0000 - 0x00007fff484ea000 	C:\Program Files\Android\Android Studio\jre\bin\net.dll
0x00007fff3e790000 - 0x00007fff3e89c000 	C:\WINDOWS\SYSTEM32\WINHTTP.dll
0x00007fff4e020000 - 0x00007fff4e08a000 	C:\WINDOWS\system32\mswsock.dll
0x00007fff185c0000 - 0x00007fff185d4000 	C:\Program Files\Android\Android Studio\jre\bin\nio.dll
0x00007fff15e70000 - 0x00007fff15e97000 	C:\Users\LENOVO\.gradle\native\8bec1ad78214c89d9ad589b4d07fe93259594b29d510b10fafb7a158f7737e5d\windows-amd64\native-platform.dll
0x00007ffefe340000 - 0x00007ffefe47d000 	C:\Users\LENOVO\.gradle\native\53dbd7edfb1c66fb8903c78663c9afc45aea4f116125fa6feffd364cf09443e8\windows-amd64\native-platform-file-events.dll
0x00007fff20d90000 - 0x00007fff20d9a000 	C:\Program Files\Android\Android Studio\jre\bin\management.dll
0x00007fff1e290000 - 0x00007fff1e29c000 	C:\Program Files\Android\Android Studio\jre\bin\management_ext.dll
0x00007fff4e220000 - 0x00007fff4e238000 	C:\WINDOWS\SYSTEM32\CRYPTSP.dll
0x00007fff4d930000 - 0x00007fff4d964000 	C:\WINDOWS\system32\rsaenh.dll
0x00007fff4ee10000 - 0x00007fff4ee37000 	C:\WINDOWS\System32\bcrypt.dll
0x00007fff4e730000 - 0x00007fff4e75e000 	C:\WINDOWS\SYSTEM32\USERENV.dll
0x00007fff4e210000 - 0x00007fff4e21c000 	C:\WINDOWS\SYSTEM32\CRYPTBASE.dll
0x00007fff4dcc0000 - 0x00007fff4dcfb000 	C:\WINDOWS\SYSTEM32\IPHLPAPI.DLL
0x00007fff4ff70000 - 0x00007fff4ff78000 	C:\WINDOWS\System32\NSI.dll
0x00007fff47ce0000 - 0x00007fff47cf7000 	C:\WINDOWS\SYSTEM32\dhcpcsvc6.DLL
0x00007fff48130000 - 0x00007fff4814d000 	C:\WINDOWS\SYSTEM32\dhcpcsvc.DLL
0x00007fff4dd00000 - 0x00007fff4ddcb000 	C:\WINDOWS\SYSTEM32\DNSAPI.dll
0x00007fff18360000 - 0x00007fff18387000 	C:\Program Files\Android\Android Studio\jre\bin\sunec.dll

dbghelp: loaded successfully - version: 4.0.5 - missing functions: none
symbol engine: initialized successfully - sym options: 0x614 - pdb path: .;C:\Program Files\Android\Android Studio\jre\bin;C:\WINDOWS\SYSTEM32;C:\WINDOWS\WinSxS\amd64_microsoft.windows.common-controls_6595b64144ccf1df_6.0.19041.1110_none_60b5254171f9507e;C:\Program Files\Android\Android Studio\jre\bin\server;C:\Users\LENOVO\.gradle\native\8bec1ad78214c89d9ad589b4d07fe93259594b29d510b10fafb7a158f7737e5d\windows-amd64;C:\Users\LENOVO\.gradle\native\53dbd7edfb1c66fb8903c78663c9afc45aea4f116125fa6feffd364cf09443e8\windows-amd64

VM Arguments:
jvm_args: --add-opens=java.base/java.util=ALL-UNNAMED --add-opens=java.base/java.lang=ALL-UNNAMED --add-opens=java.base/java.lang.invoke=ALL-UNNAMED --add-opens=java.base/java.util=ALL-UNNAMED --add-opens=java.prefs/java.util.prefs=ALL-UNNAMED --add-opens=java.prefs/java.util.prefs=ALL-UNNAMED --add-opens=java.base/java.nio.charset=ALL-UNNAMED --add-opens=java.base/java.net=ALL-UNNAMED --add-opens=java.base/java.util.concurrent.atomic=ALL-UNNAMED -Xmx2048m -Dfile.encoding=UTF-8 -Duser.country=US -Duser.language=en -Duser.variant 
java_command: org.gradle.launcher.daemon.bootstrap.GradleDaemon 7.0.2
java_class_path (initial): C:\Users\LENOVO\.gradle\wrapper\dists\gradle-7.0.2-bin\857tjihv64xamwrf0h14cai3r\gradle-7.0.2\lib\gradle-launcher-7.0.2.jar
Launcher Type: SUN_STANDARD

[Global flags]
     intx CICompilerCount                          = 4                                         {product} {ergonomic}
     uint ConcGCThreads                            = 2                                         {product} {ergonomic}
     uint G1ConcRefinementThreads                  = 8                                         {product} {ergonomic}
   size_t G1HeapRegionSize                         = 1048576                                   {product} {ergonomic}
    uintx GCDrainStackTargetSize                   = 64                                        {product} {ergonomic}
   size_t InitialHeapSize                          = 134217728                                 {product} {ergonomic}
   size_t MarkStackSize                            = 4194304                                   {product} {ergonomic}
   size_t MaxHeapSize                              = 2147483648                                {product} {command line}
   size_t MaxNewSize                               = 1287651328                                {product} {ergonomic}
   size_t MinHeapDeltaBytes                        = 1048576                                   {product} {ergonomic}
    uintx NonNMethodCodeHeapSize                   = 5836300                                {pd product} {ergonomic}
    uintx NonProfiledCodeHeapSize                  = 122910970                              {pd product} {ergonomic}
    uintx ProfiledCodeHeapSize                     = 122910970                              {pd product} {ergonomic}
    uintx ReservedCodeCacheSize                    = 251658240                              {pd product} {ergonomic}
     bool SegmentedCodeCache                       = true                                      {product} {ergonomic}
     bool UseCompressedClassPointers               = true                                 {lp64_product} {ergonomic}
     bool UseCompressedOops                        = true                                 {lp64_product} {ergonomic}
     bool UseG1GC                                  = true                                      {product} {ergonomic}
     bool UseLargePagesIndividualAllocation        = false                                  {pd product} {ergonomic}

Logging:
Log output configuration:
 #0: stdout all=warning uptime,level,tags
 #1: stderr all=off uptime,level,tags

Environment Variables:
JAVA_HOME=C:\Program Files\Java\jdk-13.0.2
PATH=C:\Windows\system32;C:\Windows;C:\Windows\System32\Wbem;C:\Windows\System32\WindowsPowerShell\v1.0\;C:\Windows\System32\OpenSSH\;C:\Program Files\Java\jdk-13.0.2\bin;C:\Program Files\Microsoft VS Code\bin;C:\Program Files\NVIDIA Corporation\NVIDIA NvDLISR;C:\Program Files (x86)\NVIDIA Corporation\PhysX\Common;C:\Program Files (x86)\Microsoft SQL Server\100\Tools\Binn\;C:\Program Files\Microsoft SQL Server\100\Tools\Binn\;C:\Program Files\Microsoft SQL Server\100\DTS\Binn\;C:\Program Files (x86)\Microsoft SQL Server\100\Tools\Binn\VSShell\Common7\IDE\;C:\Program Files (x86)\Microsoft SQL Server\100\DTS\Binn\;C:\WINDOWS\system32;C:\WINDOWS;C:\WINDOWS\System32\Wbem;C:\WINDOWS\System32\WindowsPowerShell\v1.0\;C:\WINDOWS\System32\OpenSSH\;C:\Program Files\dotnet\;C:\Program Files\Microsoft SQL Server\Client SDK\ODBC\170\Tools\Binn\;C:\Program Files (x86)\Microsoft SQL Server\150\Tools\Binn\;C:\Program Files\Microsoft SQL Server\150\Tools\Binn\;C:\Program Files\Microsoft SQL Server\150\DTS\Binn\;C:\Program Files (x86)\Microsoft SQL Server\150\DTS\Binn\;C:\Program Files\Azure Data Studio\bin;C:\Program Files\Microsoft SQL Server\130\Tools\Binn\;C:\Program Files\Git\cmd;C:\Users\LENOVO\AppData\Local\Programs\Python\Python39\Scripts\;C:\Users\LENOVO\AppData\Local\Programs\Python\Python39\;C:\Users\LENOVO\AppData\Local\Microsoft\WindowsApps;C:\Program Files\Java\jdk-13.0.2\bin;C:\Users\LENOVO\.dotnet\tools;C:\Program Files\Azure Data Studio\bin
USERNAME=LENOVO
OS=Windows_NT
PROCESSOR_IDENTIFIER=Intel64 Family 6 Model 142 Stepping 12, GenuineIntel



---------------  S Y S T E M  ---------------

OS: Windows 10 , 64 bit Build 19041 (10.0.19041.1348)
OS uptime: 8 days 2:36 hours

CPU:total 8 (initial active 8) (4 cores per cpu, 2 threads per core) family 6 model 142 stepping 12 microcode 0xea, cmov, cx8, fxsr, mmx, sse, sse2, sse3, ssse3, sse4.1, sse4.2, popcnt, avx, avx2, aes, clmul, erms, 3dnowpref, lzcnt, ht, tsc, tscinvbit, bmi1, bmi2, adx, fma

Memory: 4k page, system-wide physical 8072M (621M free)
TotalPageFile size 16072M (AvailPageFile size 4M)
current process WorkingSet (physical memory assigned to process): 541M, peak: 640M
current process commit charge ("private bytes"): 750M, peak: 756M

vm_info: OpenJDK 64-Bit Server VM (11.0.10+0-b96-7249189) for windows-amd64 JRE (11.0.10+0-b96-7249189), built on Mar 31 2021 21:44:00 by "builder" with MS VC++ 14.0 (VS2015)

END.
